TN:
SF:D:\projects\arwallet\My-Wallet-V3\src\account-info.js
FN:8,AccountInfo
FN:40,(anonymous_1)
FN:41,(anonymous_2)
FN:47,(anonymous_3)
FN:51,(anonymous_4)
FN:56,(anonymous_5)
FN:69,(anonymous_6)
FN:73,(anonymous_7)
FN:77,(anonymous_8)
FN:81,(anonymous_9)
FN:82,(anonymous_10)
FN:89,(anonymous_11)
FN:90,(anonymous_12)
FN:97,(anonymous_13)
FN:101,(anonymous_14)
FN:105,(anonymous_15)
FNF:16
FNH:11
FNDA:12,AccountInfo
FNDA:1,(anonymous_1)
FNDA:0,(anonymous_2)
FNDA:1,(anonymous_3)
FNDA:1,(anonymous_4)
FNDA:12,(anonymous_5)
FNDA:0,(anonymous_6)
FNDA:0,(anonymous_7)
FNDA:1,(anonymous_8)
FNDA:2,(anonymous_9)
FNDA:1,(anonymous_10)
FNDA:1,(anonymous_11)
FNDA:0,(anonymous_12)
FNDA:1,(anonymous_13)
FNDA:0,(anonymous_14)
FNDA:5,(anonymous_15)
DA:3,194
DA:4,194
DA:6,194
DA:9,12
DA:11,12
DA:13,12
DA:14,12
DA:15,12
DA:17,12
DA:18,12
DA:20,12
DA:22,12
DA:24,12
DA:25,12
DA:26,12
DA:27,12
DA:33,12
DA:36,194
DA:40,1
DA:42,0
DA:47,1
DA:52,1
DA:57,12
DA:58,12
DA:63,0
DA:69,0
DA:73,0
DA:77,1
DA:81,2
DA:83,1
DA:84,1
DA:89,1
DA:91,0
DA:92,0
DA:97,1
DA:101,0
DA:105,5
LF:37
LH:30
BRDA:22,0,0,12
BRDA:22,0,1,12
BRDA:25,1,0,12
BRDA:25,1,1,0
BRDA:52,2,0,0
BRDA:52,2,1,1
BRDA:57,3,0,12
BRDA:57,3,1,0
BRDA:57,4,0,12
BRDA:57,4,1,12
BRDA:60,5,0,12
BRDA:60,5,1,0
BRF:12
BRH:8
end_of_record
TN:
SF:D:\projects\arwallet\My-Wallet-V3\src\helpers.js
FN:19,(anonymous_0)
FN:21,(anonymous_1)
FN:24,(anonymous_2)
FN:27,(anonymous_3)
FN:30,(anonymous_4)
FN:37,(anonymous_5)
FN:43,(anonymous_6)
FN:46,(anonymous_7)
FN:49,(anonymous_8)
FN:52,(anonymous_9)
FN:55,(anonymous_10)
FN:58,(anonymous_11)
FN:61,(anonymous_12)
FN:64,(anonymous_13)
FN:67,(anonymous_14)
FN:70,(anonymous_15)
FN:73,(anonymous_16)
FN:76,(anonymous_17)
FN:79,(anonymous_18)
FN:82,(anonymous_19)
FN:85,(anonymous_20)
FN:88,(anonymous_21)
FN:91,(anonymous_22)
FN:94,(anonymous_23)
FN:95,(anonymous_24)
FN:97,(anonymous_25)
FN:98,(anonymous_26)
FN:100,(anonymous_27)
FN:101,(anonymous_28)
FN:103,(anonymous_29)
FN:104,(anonymous_30)
FN:106,(anonymous_31)
FN:107,(anonymous_32)
FN:111,(anonymous_33)
FN:112,(anonymous_34)
FN:115,(anonymous_35)
FN:119,(anonymous_36)
FN:121,(anonymous_37)
FN:131,(anonymous_38)
FN:135,(anonymous_39)
FN:139,(anonymous_40)
FN:143,(anonymous_41)
FN:145,(anonymous_42)
FN:154,(anonymous_43)
FN:159,(anonymous_44)
FN:163,trigger
FN:173,(anonymous_46)
FN:190,(anonymous_47)
FN:193,(anonymous_48)
FN:195,(anonymous_49)
FN:201,(anonymous_50)
FN:207,(anonymous_51)
FN:216,(anonymous_52)
FN:221,(anonymous_53)
FN:225,(anonymous_54)
FN:229,(anonymous_55)
FN:233,(anonymous_56)
FN:244,(anonymous_57)
FN:246,(anonymous_58)
FN:251,(anonymous_59)
FN:255,(anonymous_60)
FN:259,(anonymous_61)
FN:265,(anonymous_62)
FN:286,(anonymous_63)
FN:287,(anonymous_64)
FN:288,(anonymous_65)
FN:289,(anonymous_66)
FN:290,(anonymous_67)
FN:291,(anonymous_68)
FN:295,(anonymous_69)
FN:297,(anonymous_70)
FN:297,(anonymous_71)
FN:303,(anonymous_72)
FN:307,(anonymous_73)
FN:308,(anonymous_74)
FN:308,(anonymous_75)
FN:312,(anonymous_76)
FN:319,(anonymous_77)
FN:331,(anonymous_78)
FN:340,(anonymous_79)
FN:344,parseMiniKey
FN:352,(anonymous_81)
FN:381,(anonymous_82)
FN:432,(anonymous_83)
FN:436,(anonymous_84)
FN:445,(anonymous_85)
FN:446,(anonymous_86)
FN:454,(anonymous_87)
FN:455,(anonymous_88)
FN:456,(anonymous_89)
FN:465,(anonymous_90)
FN:472,(anonymous_91)
FN:476,(anonymous_92)
FN:488,(anonymous_93)
FN:502,(anonymous_94)
FN:508,(anonymous_95)
FN:512,(anonymous_96)
FN:513,(anonymous_97)
FN:536,(anonymous_98)
FN:541,(anonymous_99)
FN:545,(anonymous_100)
FN:564,(anonymous_101)
FN:564,(anonymous_102)
FN:569,(anonymous_103)
FN:569,(anonymous_104)
FN:570,(anonymous_105)
FN:571,(anonymous_106)
FN:585,(anonymous_107)
FN:594,(anonymous_108)
FN:603,(anonymous_109)
FN:607,(anonymous_110)
FN:611,(anonymous_111)
FN:615,(anonymous_112)
FN:621,(anonymous_113)
FN:635,(anonymous_114)
FN:641,(anonymous_115)
FN:665,(anonymous_116)
FN:677,(anonymous_117)
FNF:118
FNH:97
FNDA:18,(anonymous_0)
FNDA:193,(anonymous_1)
FNDA:6,(anonymous_2)
FNDA:6,(anonymous_3)
FNDA:39,(anonymous_4)
FNDA:4,(anonymous_5)
FNDA:49,(anonymous_6)
FNDA:4,(anonymous_7)
FNDA:2,(anonymous_8)
FNDA:5,(anonymous_9)
FNDA:18,(anonymous_10)
FNDA:10,(anonymous_11)
FNDA:19,(anonymous_12)
FNDA:495,(anonymous_13)
FNDA:479,(anonymous_14)
FNDA:302,(anonymous_15)
FNDA:2,(anonymous_16)
FNDA:15,(anonymous_17)
FNDA:10,(anonymous_18)
FNDA:3,(anonymous_19)
FNDA:0,(anonymous_20)
FNDA:76,(anonymous_21)
FNDA:7,(anonymous_22)
FNDA:5,(anonymous_23)
FNDA:4,(anonymous_24)
FNDA:41,(anonymous_25)
FNDA:41,(anonymous_26)
FNDA:2,(anonymous_27)
FNDA:1,(anonymous_28)
FNDA:2,(anonymous_29)
FNDA:2,(anonymous_30)
FNDA:1,(anonymous_31)
FNDA:3,(anonymous_32)
FNDA:5,(anonymous_33)
FNDA:0,(anonymous_34)
FNDA:0,(anonymous_35)
FNDA:246,(anonymous_36)
FNDA:10,(anonymous_37)
FNDA:40,(anonymous_38)
FNDA:0,(anonymous_39)
FNDA:4,(anonymous_40)
FNDA:83,(anonymous_41)
FNDA:83,(anonymous_42)
FNDA:250,(anonymous_43)
FNDA:89,(anonymous_44)
FNDA:89,trigger
FNDA:83,(anonymous_46)
FNDA:0,(anonymous_47)
FNDA:0,(anonymous_48)
FNDA:0,(anonymous_49)
FNDA:0,(anonymous_50)
FNDA:3,(anonymous_51)
FNDA:89,(anonymous_52)
FNDA:4,(anonymous_53)
FNDA:0,(anonymous_54)
FNDA:0,(anonymous_55)
FNDA:4,(anonymous_56)
FNDA:19,(anonymous_57)
FNDA:19,(anonymous_58)
FNDA:7,(anonymous_59)
FNDA:257,(anonymous_60)
FNDA:4,(anonymous_61)
FNDA:7,(anonymous_62)
FNDA:6,(anonymous_63)
FNDA:6,(anonymous_64)
FNDA:6,(anonymous_65)
FNDA:6,(anonymous_66)
FNDA:3,(anonymous_67)
FNDA:60,(anonymous_68)
FNDA:6,(anonymous_69)
FNDA:18,(anonymous_70)
FNDA:10,(anonymous_71)
FNDA:6,(anonymous_72)
FNDA:6,(anonymous_73)
FNDA:90,(anonymous_74)
FNDA:8,(anonymous_75)
FNDA:6,(anonymous_76)
FNDA:812,(anonymous_77)
FNDA:813,(anonymous_78)
FNDA:0,(anonymous_79)
FNDA:4,parseMiniKey
FNDA:34,(anonymous_81)
FNDA:37,(anonymous_82)
FNDA:12,(anonymous_83)
FNDA:13,(anonymous_84)
FNDA:10,(anonymous_85)
FNDA:10,(anonymous_86)
FNDA:1,(anonymous_87)
FNDA:1,(anonymous_88)
FNDA:1,(anonymous_89)
FNDA:5,(anonymous_90)
FNDA:2,(anonymous_91)
FNDA:0,(anonymous_92)
FNDA:1,(anonymous_93)
FNDA:105,(anonymous_94)
FNDA:24,(anonymous_95)
FNDA:76,(anonymous_96)
FNDA:35,(anonymous_97)
FNDA:0,(anonymous_98)
FNDA:3,(anonymous_99)
FNDA:0,(anonymous_100)
FNDA:0,(anonymous_101)
FNDA:0,(anonymous_102)
FNDA:0,(anonymous_103)
FNDA:0,(anonymous_104)
FNDA:0,(anonymous_105)
FNDA:0,(anonymous_106)
FNDA:29,(anonymous_107)
FNDA:509,(anonymous_108)
FNDA:1256,(anonymous_109)
FNDA:718,(anonymous_110)
FNDA:4,(anonymous_111)
FNDA:29,(anonymous_112)
FNDA:0,(anonymous_113)
FNDA:3,(anonymous_114)
FNDA:4,(anonymous_115)
FNDA:6,(anonymous_116)
FNDA:6,(anonymous_117)
DA:3,199
DA:4,199
DA:5,199
DA:6,199
DA:7,199
DA:8,199
DA:9,199
DA:10,199
DA:11,199
DA:12,199
DA:13,199
DA:14,199
DA:15,199
DA:16,199
DA:18,199
DA:19,199
DA:21,199
DA:22,193
DA:24,199
DA:25,6
DA:27,199
DA:28,6
DA:30,199
DA:31,39
DA:32,39
DA:33,20
DA:34,20
DA:35,19
DA:37,199
DA:38,4
DA:39,4
DA:40,1
DA:41,3
DA:43,199
DA:44,49
DA:46,199
DA:47,4
DA:49,199
DA:50,2
DA:52,199
DA:53,5
DA:55,199
DA:56,18
DA:58,199
DA:59,10
DA:61,199
DA:62,19
DA:64,199
DA:65,495
DA:67,199
DA:68,479
DA:70,199
DA:71,302
DA:73,199
DA:74,2
DA:76,199
DA:77,15
DA:79,199
DA:80,10
DA:82,199
DA:83,3
DA:85,199
DA:86,0
DA:88,199
DA:89,76
DA:91,199
DA:92,7
DA:94,199
DA:95,5
DA:97,199
DA:98,41
DA:100,199
DA:101,2
DA:103,199
DA:104,2
DA:106,199
DA:107,1
DA:108,3
DA:111,199
DA:112,199
DA:113,0
DA:115,199
DA:116,0
DA:119,199
DA:120,246
DA:121,246
DA:122,10
DA:123,10
DA:125,10
DA:126,10
DA:131,199
DA:132,40
DA:135,199
DA:136,0
DA:139,199
DA:140,4
DA:143,199
DA:144,83
DA:145,83
DA:146,83
DA:147,83
DA:149,83
DA:154,199
DA:155,250
DA:156,250
DA:157,250
DA:159,250
DA:160,89
DA:164,89
DA:165,89
DA:166,89
DA:167,89
DA:168,89
DA:170,89
DA:171,89
DA:172,89
DA:173,89
DA:174,83
DA:175,83
DA:176,83
DA:178,0
DA:180,83
DA:181,83
DA:184,89
DA:187,250
DA:190,199
DA:191,0
DA:193,0
DA:194,0
DA:195,0
DA:196,0
DA:197,0
DA:200,0
DA:201,0
DA:202,0
DA:207,199
DA:208,3
DA:209,10
DA:210,10
DA:213,3
DA:216,199
DA:217,89
DA:218,0
DA:220,89
DA:221,89
DA:225,199
DA:226,0
DA:227,0
DA:229,0
DA:233,199
DA:234,4
DA:235,0
DA:237,4
DA:238,4
DA:240,4
DA:244,199
DA:245,19
DA:246,19
DA:247,19
DA:251,199
DA:252,7
DA:255,199
DA:256,257
DA:259,199
DA:260,4
DA:261,4
DA:265,199
DA:266,7
DA:268,6
DA:286,6
DA:287,6
DA:288,6
DA:289,6
DA:290,6
DA:291,60
DA:292,3
DA:295,6
DA:296,6
DA:297,18
DA:298,6
DA:299,6
DA:300,6
DA:303,6
DA:304,6
DA:307,6
DA:308,90
DA:309,6
DA:312,6
DA:313,6
DA:316,6
DA:319,199
DA:320,812
DA:321,0
DA:324,812
DA:325,0
DA:328,812
DA:331,199
DA:332,813
DA:335,813
DA:337,813
DA:340,199
DA:341,0
DA:345,4
DA:346,4
DA:347,1
DA:349,3
DA:352,199
DA:353,34
DA:354,34
DA:355,12
DA:357,22
DA:359,22
DA:361,2
DA:362,1
DA:364,6
DA:365,6
DA:367,8
DA:368,8
DA:370,4
DA:371,3
DA:373,2
DA:376,18
DA:377,18
DA:381,199
DA:382,37
DA:385,37
DA:389,37
DA:390,9
DA:394,28
DA:398,28
DA:399,0
DA:403,28
DA:404,0
DA:407,28
DA:408,6
DA:411,22
DA:412,4
DA:415,18
DA:416,7
DA:419,11
DA:423,2
DA:425,2
DA:426,2
DA:429,9
DA:432,199
DA:433,12
DA:436,199
DA:437,13
DA:438,13
DA:439,13
DA:441,5
DA:445,199
DA:446,10
DA:447,10
DA:448,10
DA:449,10
DA:450,5
DA:451,2
DA:453,3
DA:454,1
DA:455,1
DA:456,1
DA:458,5
DA:459,4
DA:460,4
DA:462,1
DA:465,10
DA:466,5
DA:467,5
DA:469,10
DA:472,199
DA:473,2
DA:476,199
DA:477,0
DA:479,0
DA:480,0
DA:481,0
DA:482,0
DA:484,0
DA:488,199
DA:489,1
DA:490,0
DA:492,1
DA:493,0
DA:495,1
DA:496,0
DA:498,1
DA:502,199
DA:503,105
DA:504,105
DA:507,199
DA:508,24
DA:512,199
DA:513,76
DA:514,76
DA:517,5
DA:520,26
DA:523,20
DA:526,15
DA:527,15
DA:530,10
DA:532,0
DA:536,199
DA:537,0
DA:538,0
DA:541,199
DA:542,3
DA:545,199
DA:546,0
DA:548,0
DA:550,0
DA:552,0
DA:554,0
DA:556,0
DA:558,0
DA:560,0
DA:564,199
DA:565,0
DA:568,199
DA:569,0
DA:570,0
DA:571,0
DA:572,0
DA:576,199
DA:585,199
DA:586,29
DA:587,29
DA:588,0
DA:590,29
DA:591,29
DA:594,199
DA:595,509
DA:596,509
DA:597,0
DA:599,509
DA:600,509
DA:603,199
DA:604,1256
DA:607,199
DA:608,718
DA:611,199
DA:612,4
DA:615,199
DA:616,29
DA:617,29
DA:618,29
DA:621,199
DA:622,0
DA:635,199
DA:636,3
DA:637,0
DA:641,199
DA:642,4
DA:643,4
DA:644,4
DA:645,19
DA:646,4
DA:649,199
DA:665,199
DA:666,6
DA:667,6
DA:669,3
DA:671,3
DA:673,0
DA:677,199
DA:678,6
DA:679,6
DA:681,3
DA:683,3
DA:685,0
DA:705,199
LF:371
LH:316
BRDA:22,0,0,193
BRDA:22,0,1,15
BRDA:34,1,0,20
BRDA:34,1,1,1
BRDA:44,2,0,49
BRDA:44,2,1,46
BRDA:47,3,0,4
BRDA:47,3,1,4
BRDA:50,4,0,2
BRDA:50,4,1,2
BRDA:53,5,0,5
BRDA:53,5,1,3
BRDA:56,6,0,18
BRDA:56,6,1,18
BRDA:59,7,0,10
BRDA:59,7,1,8
BRDA:62,8,0,19
BRDA:62,8,1,19
BRDA:65,9,0,495
BRDA:65,9,1,356
BRDA:68,10,0,479
BRDA:68,10,1,341
BRDA:71,11,0,302
BRDA:71,11,1,203
BRDA:83,12,0,3
BRDA:83,12,1,2
BRDA:92,13,0,7
BRDA:92,13,1,5
BRDA:108,14,0,3
BRDA:108,14,1,0
BRDA:113,15,0,0
BRDA:113,15,1,0
BRDA:123,16,0,0
BRDA:123,16,1,10
BRDA:132,17,0,6
BRDA:132,17,1,34
BRDA:136,18,0,0
BRDA:136,18,1,0
BRDA:140,19,0,4
BRDA:140,19,1,4
BRDA:165,20,0,89
BRDA:165,20,1,8
BRDA:166,21,0,89
BRDA:166,21,1,83
BRDA:191,22,0,0
BRDA:191,22,1,0
BRDA:198,23,0,0
BRDA:198,23,1,0
BRDA:209,24,0,10
BRDA:209,24,1,0
BRDA:217,25,0,0
BRDA:217,25,1,89
BRDA:217,26,0,89
BRDA:217,26,1,89
BRDA:217,26,2,89
BRDA:220,27,0,1
BRDA:220,27,1,88
BRDA:226,28,0,0
BRDA:226,28,1,0
BRDA:226,29,0,0
BRDA:226,29,1,0
BRDA:226,29,2,0
BRDA:234,30,0,0
BRDA:234,30,1,4
BRDA:234,31,0,4
BRDA:234,31,1,0
BRDA:237,32,0,0
BRDA:237,32,1,4
BRDA:238,33,0,0
BRDA:238,33,1,4
BRDA:266,34,0,1
BRDA:266,34,1,6
BRDA:298,35,0,3
BRDA:298,35,1,3
BRDA:299,36,0,1
BRDA:299,36,1,5
BRDA:320,37,0,0
BRDA:320,37,1,812
BRDA:324,38,0,0
BRDA:324,38,1,812
BRDA:324,39,0,812
BRDA:324,39,1,812
BRDA:335,40,0,0
BRDA:335,40,1,813
BRDA:346,41,0,1
BRDA:346,41,1,3
BRDA:353,42,0,34
BRDA:353,42,1,34
BRDA:354,43,0,12
BRDA:354,43,1,22
BRDA:354,44,0,34
BRDA:354,44,1,24
BRDA:359,45,0,2
BRDA:359,45,1,6
BRDA:359,45,2,8
BRDA:359,45,3,4
BRDA:359,45,4,2
BRDA:385,46,0,0
BRDA:385,46,1,37
BRDA:389,47,0,9
BRDA:389,47,1,28
BRDA:394,48,0,0
BRDA:394,48,1,28
BRDA:398,49,0,0
BRDA:398,49,1,28
BRDA:403,50,0,0
BRDA:403,50,1,28
BRDA:407,51,0,6
BRDA:407,51,1,22
BRDA:411,52,0,4
BRDA:411,52,1,18
BRDA:415,53,0,7
BRDA:415,53,1,11
BRDA:419,54,0,2
BRDA:419,54,1,9
BRDA:419,55,0,11
BRDA:419,55,1,11
BRDA:419,55,2,11
BRDA:419,55,3,9
BRDA:425,56,0,2
BRDA:425,56,1,0
BRDA:425,57,0,2
BRDA:425,57,1,0
BRDA:439,58,0,13
BRDA:439,58,1,11
BRDA:449,59,0,5
BRDA:449,59,1,5
BRDA:450,60,0,2
BRDA:450,60,1,3
BRDA:450,61,0,5
BRDA:450,61,1,4
BRDA:450,61,2,4
BRDA:458,62,0,4
BRDA:458,62,1,1
BRDA:467,63,0,3
BRDA:467,63,1,2
BRDA:477,64,0,0
BRDA:477,64,1,0
BRDA:477,64,2,0
BRDA:479,65,0,0
BRDA:479,65,1,0
BRDA:479,66,0,0
BRDA:479,66,1,0
BRDA:479,66,2,0
BRDA:481,67,0,0
BRDA:481,67,1,0
BRDA:489,68,0,0
BRDA:489,68,1,1
BRDA:492,69,0,0
BRDA:492,69,1,1
BRDA:495,70,0,0
BRDA:495,70,1,1
BRDA:504,71,0,96
BRDA:504,71,1,9
BRDA:508,72,0,10
BRDA:508,72,1,14
BRDA:508,73,0,24
BRDA:508,73,1,17
BRDA:508,73,2,13
BRDA:514,74,0,5
BRDA:514,74,1,26
BRDA:514,74,2,20
BRDA:514,74,3,15
BRDA:514,74,4,10
BRDA:514,74,5,0
BRDA:525,75,0,25
BRDA:525,75,1,25
BRDA:538,76,0,0
BRDA:538,76,1,0
BRDA:546,77,0,0
BRDA:546,77,1,0
BRDA:546,77,2,0
BRDA:546,77,3,0
BRDA:546,77,4,0
BRDA:546,77,5,0
BRDA:546,77,6,0
BRDA:547,78,0,0
BRDA:547,78,1,0
BRDA:549,79,0,0
BRDA:549,79,1,0
BRDA:551,80,0,0
BRDA:551,80,1,0
BRDA:553,81,0,0
BRDA:553,81,1,0
BRDA:555,82,0,0
BRDA:555,82,1,0
BRDA:557,83,0,0
BRDA:557,83,1,0
BRDA:586,84,0,29
BRDA:586,84,1,0
BRDA:587,85,0,0
BRDA:587,85,1,29
BRDA:591,86,0,29
BRDA:591,86,1,0
BRDA:595,87,0,509
BRDA:595,87,1,0
BRDA:596,88,0,0
BRDA:596,88,1,509
BRDA:600,89,0,287
BRDA:600,89,1,222
BRDA:608,90,0,320
BRDA:608,90,1,398
BRDA:608,91,0,398
BRDA:608,91,1,6
BRDA:617,92,0,28
BRDA:617,92,1,1
BRDA:623,93,0,0
BRDA:623,93,1,0
BRDA:623,93,2,0
BRDA:623,93,3,0
BRDA:623,93,4,0
BRDA:636,94,0,0
BRDA:636,94,1,3
BRDA:644,95,0,0
BRDA:644,95,1,4
BRDA:645,96,0,0
BRDA:645,96,1,19
BRDA:667,97,0,3
BRDA:667,97,1,3
BRDA:667,97,2,0
BRDA:679,98,0,3
BRDA:679,98,1,3
BRDA:679,98,2,0
BRF:223
BRH:143
end_of_record
TN:
SF:D:\projects\arwallet\My-Wallet-V3\src\import-export.js
FN:13,(anonymous_0)
FN:14,(anonymous_1)
FN:71,(anonymous_2)
FNF:3
FNH:3
FNDA:199,(anonymous_0)
FNDA:10,(anonymous_1)
FNDA:10,(anonymous_2)
DA:3,199
DA:4,199
DA:5,199
DA:6,199
DA:7,199
DA:8,199
DA:9,199
DA:11,199
DA:13,199
DA:14,199
DA:18,10
DA:20,10
DA:21,10
DA:23,0
DA:24,0
DA:27,10
DA:28,0
DA:29,0
DA:30,10
DA:31,0
DA:32,0
DA:35,10
DA:36,10
DA:38,10
DA:40,10
DA:41,0
DA:42,0
DA:45,10
DA:46,10
DA:47,10
DA:48,10
DA:49,6
DA:50,2
DA:51,4
DA:52,0
DA:53,0
DA:55,4
DA:56,4
DA:57,4
DA:58,4
DA:59,4
DA:60,0
DA:61,0
DA:64,0
DA:65,0
DA:69,10
DA:71,10
DA:72,10
DA:74,10
DA:76,10
DA:78,10
DA:79,1
DA:80,1
DA:82,9
DA:85,10
DA:86,6
DA:88,6
DA:89,6
DA:91,6
DA:92,192
DA:94,6
DA:96,6
DA:98,4
DA:99,4
DA:101,4
DA:104,4
DA:105,2
DA:107,2
DA:108,2
DA:111,4
DA:113,4
DA:115,4
DA:117,4
DA:119,4
DA:120,4
DA:122,4
DA:124,64
DA:126,4
DA:128,4
DA:130,64
DA:132,4
DA:134,4
DA:137,4
DA:139,4
DA:141,4
DA:146,199
LF:86
LH:72
BRDA:27,0,0,0
BRDA:27,0,1,10
BRDA:30,1,0,0
BRDA:30,1,1,10
BRDA:40,2,0,0
BRDA:40,2,1,10
BRDA:40,3,0,10
BRDA:40,3,1,10
BRDA:40,3,2,10
BRDA:40,3,3,10
BRDA:48,4,0,6
BRDA:48,4,1,4
BRDA:49,5,0,2
BRDA:49,5,1,4
BRDA:51,6,0,0
BRDA:51,6,1,4
BRDA:55,7,0,4
BRDA:55,7,1,0
BRDA:59,8,0,0
BRDA:59,8,1,4
BRDA:78,9,0,1
BRDA:78,9,1,9
BRDA:78,10,0,10
BRDA:78,10,1,9
BRDA:78,10,2,9
BRDA:78,10,3,9
BRDA:85,11,0,6
BRDA:85,11,1,4
BRDA:99,12,0,2
BRDA:99,12,1,2
BRDA:104,13,0,2
BRDA:104,13,1,2
BRF:32
BRH:26
end_of_record
TN:
SF:D:\projects\arwallet\My-Wallet-V3\src\wallet-crypto.js
FN:23,(anonymous_0)
FN:27,(anonymous_1)
FN:38,(anonymous_2)
FN:44,(anonymous_3)
FN:56,(anonymous_4)
FN:63,(anonymous_5)
FN:75,(anonymous_6)
FN:80,(anonymous_7)
FN:97,(anonymous_8)
FN:112,(anonymous_9)
FN:128,encryptWallet
FN:141,decryptWallet
FN:149,decryptWalletSync
FN:184,decryptWalletV1
FN:210,(anonymous_14)
FN:220,cipherFunction
FN:222,(anonymous_16)
FN:228,(anonymous_17)
FN:232,(anonymous_18)
FN:241,encryptSecretWithSecondPassword
FN:245,decryptSecretWithSecondPassword
FN:249,decryptPasswordWithProcessedPin
FN:257,encryptDataWithKey
FN:269,encryptDataWithPassword
FN:284,decryptDataWithKey
FN:298,decryptBufferWithKey
FN:306,decryptDataWithPassword
FN:325,stretchPassword
FN:336,pbkdf2
FN:341,hashNTimes
FN:347,sha256
FNF:31
FNH:26
FNDA:17,(anonymous_0)
FNDA:36,(anonymous_1)
FNDA:6,(anonymous_2)
FNDA:7,(anonymous_3)
FNDA:3,(anonymous_4)
FNDA:14,(anonymous_5)
FNDA:4,(anonymous_6)
FNDA:5,(anonymous_7)
FNDA:17,(anonymous_8)
FNDA:53,(anonymous_9)
FNDA:1,encryptWallet
FNDA:6,decryptWallet
FNDA:12,decryptWalletSync
FNDA:7,decryptWalletV1
FNDA:28,(anonymous_14)
FNDA:2,cipherFunction
FNDA:2,(anonymous_16)
FNDA:0,(anonymous_17)
FNDA:0,(anonymous_18)
FNDA:0,encryptSecretWithSecondPassword
FNDA:0,decryptSecretWithSecondPassword
FNDA:1,decryptPasswordWithProcessedPin
FNDA:3,encryptDataWithKey
FNDA:1,encryptDataWithPassword
FNDA:2,decryptDataWithKey
FNDA:24,decryptBufferWithKey
FNDA:23,decryptDataWithPassword
FNDA:24,stretchPassword
FNDA:26,pbkdf2
FNDA:0,hashNTimes
FNDA:20,sha256
DA:3,200
DA:4,200
DA:5,200
DA:6,200
DA:8,200
DA:9,200
DA:10,200
DA:11,200
DA:13,200
DA:18,200
DA:24,17
DA:28,36
DA:32,200
DA:39,6
DA:40,6
DA:41,6
DA:45,7
DA:46,7
DA:50,200
DA:57,3
DA:58,3
DA:59,3
DA:60,3
DA:64,14
DA:65,14
DA:69,200
DA:76,4
DA:77,4
DA:81,5
DA:82,5
DA:86,200
DA:98,17
DA:99,17
DA:100,17
DA:101,17
DA:103,17
DA:104,17
DA:106,17
DA:107,17
DA:109,17
DA:113,53
DA:114,53
DA:115,53
DA:116,53
DA:118,53
DA:119,53
DA:121,53
DA:122,51
DA:124,51
DA:129,1
DA:130,1
DA:131,1
DA:132,1
DA:134,1
DA:142,6
DA:143,6
DA:145,1
DA:150,12
DA:151,12
DA:155,12
DA:156,12
DA:158,7
DA:161,12
DA:162,5
DA:163,5
DA:164,5
DA:165,5
DA:168,12
DA:169,2
DA:172,10
DA:174,10
DA:175,3
DA:177,7
DA:179,10
DA:180,10
DA:186,7
DA:210,7
DA:211,28
DA:212,17
DA:213,17
DA:215,10
DA:222,2
DA:223,2
DA:224,1
DA:226,1
DA:228,0
DA:229,0
DA:232,0
DA:233,0
DA:236,1
DA:242,0
DA:246,0
DA:250,1
DA:258,3
DA:260,3
DA:261,3
DA:263,3
DA:264,3
DA:266,3
DA:270,1
DA:271,1
DA:272,1
DA:274,1
DA:276,1
DA:278,1
DA:285,2
DA:287,2
DA:288,2
DA:290,2
DA:299,24
DA:300,24
DA:302,24
DA:303,22
DA:307,23
DA:308,23
DA:309,23
DA:311,23
DA:313,23
DA:314,23
DA:317,23
DA:319,23
DA:321,23
DA:322,21
DA:326,24
DA:327,24
DA:328,24
DA:329,24
DA:331,24
DA:332,24
DA:333,24
DA:337,26
DA:338,26
DA:342,0
DA:343,0
DA:344,0
DA:348,20
DA:351,200
LF:137
LH:128
BRDA:98,0,0,17
BRDA:98,0,1,0
BRDA:101,1,0,17
BRDA:101,1,1,4
BRDA:103,2,0,17
BRDA:103,2,1,4
BRDA:103,3,0,17
BRDA:103,3,1,4
BRDA:106,4,0,17
BRDA:106,4,1,0
BRDA:113,5,0,53
BRDA:113,5,1,0
BRDA:116,6,0,53
BRDA:116,6,1,18
BRDA:118,7,0,53
BRDA:118,7,1,17
BRDA:118,8,0,53
BRDA:118,8,1,18
BRDA:122,9,0,51
BRDA:122,9,1,0
BRDA:145,10,0,1
BRDA:145,10,1,1
BRDA:145,10,2,0
BRDA:161,11,0,5
BRDA:161,11,1,7
BRDA:168,12,0,2
BRDA:168,12,1,10
BRDA:211,13,0,11
BRDA:211,13,1,17
BRDA:223,14,0,1
BRDA:223,14,1,1
BRDA:223,15,0,2
BRDA:223,15,1,1
BRDA:223,15,2,1
BRDA:226,16,0,0
BRDA:226,16,1,0
BRDA:226,16,2,1
BRDA:258,17,0,3
BRDA:258,17,1,1
BRDA:299,18,0,24
BRDA:299,18,1,14
BRDA:300,19,0,24
BRDA:300,19,1,14
BRDA:327,20,0,24
BRDA:327,20,1,24
BRDA:328,21,0,24
BRDA:328,21,1,24
BRDA:329,22,0,24
BRDA:329,22,1,23
BRDA:332,23,0,24
BRDA:332,23,1,1
BRDA:337,24,0,26
BRDA:337,24,1,1
BRF:53
BRH:46
end_of_record
TN:
SF:D:\projects\arwallet\My-Wallet-V3\src\constants.js
FN:16,(anonymous_0)
FN:23,(anonymous_1)
FNF:2
FNH:2
FNDA:432,(anonymous_0)
FNDA:56,(anonymous_1)
DA:1,199
DA:3,199
DA:17,432
DA:18,277
DA:20,155
DA:24,56
LF:6
LH:6
BRDA:17,0,0,277
BRDA:17,0,1,155
BRF:2
BRH:2
end_of_record
TN:
SF:D:\projects\arwallet\My-Wallet-V3\src\address-hd.js
FN:6,(anonymous_0)
FN:23,(anonymous_1)
FN:30,(anonymous_2)
FN:37,(anonymous_3)
FN:41,(anonymous_4)
FN:45,(anonymous_5)
FN:49,(anonymous_6)
FN:53,(anonymous_7)
FN:57,(anonymous_8)
FN:61,(anonymous_9)
FNF:10
FNH:10
FNDA:14,(anonymous_0)
FNDA:3,(anonymous_1)
FNDA:3,(anonymous_2)
FNDA:1,(anonymous_3)
FNDA:3,(anonymous_4)
FNDA:1,(anonymous_5)
FNDA:1,(anonymous_6)
FNDA:1,(anonymous_7)
FNDA:1,(anonymous_8)
FNDA:1,(anonymous_9)
DA:1,194
DA:3,194
DA:7,14
DA:8,14
DA:9,14
DA:11,14
DA:12,14
DA:13,14
DA:14,2
DA:16,12
DA:18,14
DA:19,14
DA:20,14
DA:24,3
DA:25,2
DA:31,3
DA:32,2
DA:34,3
DA:38,1
DA:42,3
DA:46,1
DA:50,1
DA:54,1
DA:58,1
DA:62,1
DA:66,194
LF:26
LH:26
BRDA:7,0,0,14
BRDA:7,0,1,2
BRDA:13,1,0,2
BRDA:13,1,1,12
BRDA:24,2,0,1
BRDA:24,2,1,2
BRDA:31,3,0,2
BRDA:31,3,1,1
BRF:8
BRH:8
end_of_record
TN:
SF:D:\projects\arwallet\My-Wallet-V3\src\address.js
FN:16,Address
FN:36,(anonymous_1)
FN:40,(anonymous_2)
FN:44,(anonymous_3)
FN:48,(anonymous_4)
FN:49,(anonymous_5)
FN:60,(anonymous_6)
FN:64,(anonymous_7)
FN:68,(anonymous_8)
FN:72,(anonymous_9)
FN:73,(anonymous_10)
FN:83,(anonymous_11)
FN:84,(anonymous_12)
FN:94,(anonymous_13)
FN:95,(anonymous_14)
FN:105,(anonymous_15)
FN:109,(anonymous_16)
FN:113,(anonymous_17)
FN:117,(anonymous_18)
FN:118,(anonymous_19)
FN:130,(anonymous_20)
FN:131,(anonymous_21)
FN:135,(anonymous_22)
FN:144,(anonymous_23)
FN:177,(anonymous_24)
FN:189,(anonymous_25)
FN:191,(anonymous_26)
FN:192,(anonymous_27)
FN:193,(anonymous_28)
FN:208,(anonymous_29)
FN:219,(anonymous_30)
FN:233,(anonymous_31)
FN:242,(anonymous_32)
FN:247,(anonymous_33)
FN:260,(anonymous_34)
FN:275,(anonymous_35)
FN:283,(anonymous_36)
FN:291,(anonymous_37)
FNF:38
FNH:37
FNDA:227,Address
FNDA:28,(anonymous_1)
FNDA:33,(anonymous_2)
FNDA:10,(anonymous_3)
FNDA:14,(anonymous_4)
FNDA:3,(anonymous_5)
FNDA:11,(anonymous_6)
FNDA:11,(anonymous_7)
FNDA:11,(anonymous_8)
FNDA:7,(anonymous_9)
FNDA:4,(anonymous_10)
FNDA:2,(anonymous_11)
FNDA:2,(anonymous_12)
FNDA:2,(anonymous_13)
FNDA:2,(anonymous_14)
FNDA:10,(anonymous_15)
FNDA:15,(anonymous_16)
FNDA:6,(anonymous_17)
FNDA:36,(anonymous_18)
FNDA:5,(anonymous_19)
FNDA:4,(anonymous_20)
FNDA:2,(anonymous_21)
FNDA:163,(anonymous_22)
FNDA:9,(anonymous_23)
FNDA:10,(anonymous_24)
FNDA:3,(anonymous_25)
FNDA:1,(anonymous_26)
FNDA:1,(anonymous_27)
FNDA:1,(anonymous_28)
FNDA:2,(anonymous_29)
FNDA:0,(anonymous_30)
FNDA:5,(anonymous_31)
FNDA:16,(anonymous_32)
FNDA:10,(anonymous_33)
FNDA:7,(anonymous_34)
FNDA:8,(anonymous_35)
FNDA:6,(anonymous_36)
FNDA:6,(anonymous_37)
DA:3,193
DA:5,193
DA:6,193
DA:7,193
DA:8,193
DA:9,193
DA:10,193
DA:11,193
DA:12,193
DA:13,193
DA:18,227
DA:19,227
DA:20,227
DA:21,227
DA:22,227
DA:23,227
DA:24,227
DA:25,227
DA:27,227
DA:28,227
DA:29,227
DA:33,193
DA:36,28
DA:40,33
DA:44,10
DA:48,14
DA:50,3
DA:51,2
DA:52,2
DA:54,1
DA:60,11
DA:64,11
DA:68,11
DA:72,7
DA:74,4
DA:75,3
DA:77,1
DA:83,2
DA:85,2
DA:86,1
DA:88,1
DA:94,2
DA:96,2
DA:97,1
DA:99,1
DA:105,10
DA:109,15
DA:113,6
DA:117,36
DA:119,5
DA:120,4
DA:121,4
DA:122,4
DA:124,1
DA:130,4
DA:131,2
DA:135,193
DA:136,163
DA:137,162
DA:139,1
DA:141,163
DA:144,193
DA:145,9
DA:152,9
DA:154,2
DA:155,2
DA:156,2
DA:158,4
DA:159,4
DA:160,4
DA:162,1
DA:163,1
DA:164,1
DA:165,1
DA:167,2
DA:171,7
DA:172,7
DA:173,7
DA:174,7
DA:177,193
DA:178,10
DA:179,1
DA:182,9
DA:183,9
DA:184,9
DA:185,5
DA:186,2
DA:189,3
DA:190,3
DA:191,1
DA:192,1
DA:193,1
DA:196,3
DA:197,4
DA:198,3
DA:199,3
DA:201,1
DA:203,2
DA:204,2
DA:205,2
DA:206,2
DA:207,2
DA:209,2
DA:210,2
DA:211,2
DA:212,1
DA:214,1
DA:216,2
DA:220,0
DA:221,0
DA:224,1
DA:225,0
DA:226,0
DA:228,1
DA:233,193
DA:234,5
DA:239,4
DA:242,193
DA:243,16
DA:244,14
DA:247,193
DA:248,10
DA:257,10
DA:260,193
DA:261,7
DA:262,6
DA:263,5
DA:265,4
DA:268,4
DA:269,4
DA:271,4
DA:272,4
DA:275,193
DA:276,8
DA:277,7
DA:278,7
DA:279,6
DA:280,6
DA:283,193
DA:284,6
DA:285,5
DA:286,5
DA:287,4
DA:288,4
DA:291,193
DA:292,6
DA:293,5
DA:294,5
DA:295,5
LF:149
LH:145
BRDA:18,0,0,227
BRDA:18,0,1,1
BRDA:22,1,0,227
BRDA:22,1,1,173
BRDA:50,2,0,2
BRDA:50,2,1,1
BRDA:50,3,0,3
BRDA:50,3,1,1
BRDA:51,4,0,1
BRDA:51,4,1,1
BRDA:74,5,0,3
BRDA:74,5,1,1
BRDA:85,6,0,1
BRDA:85,6,1,1
BRDA:96,7,0,1
BRDA:96,7,1,1
BRDA:109,8,0,15
BRDA:109,8,1,15
BRDA:119,9,0,4
BRDA:119,9,1,1
BRDA:120,10,0,2
BRDA:120,10,1,2
BRDA:136,11,0,162
BRDA:136,11,1,1
BRDA:136,12,0,163
BRDA:136,12,1,163
BRDA:152,13,0,2
BRDA:152,13,1,4
BRDA:152,13,2,1
BRDA:152,13,3,2
BRDA:178,14,0,1
BRDA:178,14,1,9
BRDA:184,15,0,5
BRDA:184,15,1,4
BRDA:185,16,0,2
BRDA:185,16,1,3
BRDA:185,17,0,5
BRDA:185,17,1,5
BRDA:185,17,2,4
BRDA:197,18,0,3
BRDA:197,18,1,1
BRDA:197,19,0,4
BRDA:197,19,1,1
BRDA:211,20,0,1
BRDA:211,20,1,1
BRDA:211,21,0,2
BRDA:211,21,1,1
BRDA:224,22,0,0
BRDA:224,22,1,1
BRDA:243,23,0,2
BRDA:243,23,1,14
BRDA:261,24,0,1
BRDA:261,24,1,6
BRDA:262,25,0,1
BRDA:262,25,1,5
BRDA:263,26,0,1
BRDA:263,26,1,4
BRDA:263,27,0,5
BRDA:263,27,1,2
BRDA:268,28,0,1
BRDA:268,28,1,3
BRDA:271,29,0,1
BRDA:271,29,1,3
BRDA:276,30,0,1
BRDA:276,30,1,7
BRDA:277,31,0,6
BRDA:277,31,1,1
BRDA:278,32,0,1
BRDA:278,32,1,6
BRDA:284,33,0,1
BRDA:284,33,1,5
BRDA:285,34,0,4
BRDA:285,34,1,1
BRDA:286,35,0,1
BRDA:286,35,1,4
BRDA:292,36,0,1
BRDA:292,36,1,5
BRF:77
BRH:76
end_of_record
TN:
SF:D:\projects\arwallet\My-Wallet-V3\src\rng.js
FN:13,RNG
FN:22,(anonymous_1)
FN:39,(anonymous_2)
FN:55,(anonymous_3)
FN:59,(anonymous_4)
FN:70,(anonymous_5)
FN:87,(anonymous_6)
FNF:7
FNH:7
FNDA:193,RNG
FNDA:6,(anonymous_1)
FNDA:7,(anonymous_2)
FNDA:241,(anonymous_3)
FNDA:192,(anonymous_4)
FNDA:128,(anonymous_5)
FNDA:7,(anonymous_6)
DA:3,193
DA:5,193
DA:6,193
DA:7,193
DA:8,193
DA:9,193
DA:11,193
DA:14,193
DA:17,193
DA:18,193
DA:22,193
DA:23,6
DA:28,6
DA:29,6
DA:31,6
DA:32,166
DA:35,6
DA:39,193
DA:40,7
DA:41,7
DA:42,7
DA:44,7
DA:45,7
DA:49,7
DA:54,7
DA:55,241
DA:58,6
DA:59,192
DA:62,5
DA:67,4
DA:69,4
DA:70,128
DA:73,3
DA:78,3
DA:80,4
DA:81,4
DA:82,4
DA:87,193
DA:88,7
DA:93,7
DA:94,7
DA:95,7
DA:96,7
DA:98,7
DA:99,7
DA:100,7
DA:102,7
DA:103,6
DA:108,5
DA:110,5
DA:115,4
DA:117,1
LF:52
LH:52
BRDA:24,0,0,6
BRDA:24,0,1,6
BRDA:41,1,0,1
BRDA:41,1,1,6
BRDA:93,2,0,6
BRDA:93,2,1,1
BRDA:102,3,0,6
BRDA:102,3,1,1
BRF:8
BRH:8
end_of_record
TN:
SF:D:\projects\arwallet\My-Wallet-V3\src\api.js
FN:13,API
FN:24,(anonymous_1)
FN:26,(anonymous_2)
FN:34,(anonymous_3)
FN:57,(anonymous_4)
FN:61,(anonymous_5)
FN:83,(anonymous_6)
FN:94,(anonymous_7)
FN:100,(anonymous_8)
FN:108,(anonymous_9)
FN:125,(anonymous_10)
FN:133,(anonymous_11)
FN:142,(anonymous_12)
FN:153,(anonymous_13)
FN:159,(anonymous_14)
FN:168,(anonymous_15)
FN:190,(anonymous_16)
FN:220,(anonymous_17)
FN:225,(anonymous_18)
FN:235,(anonymous_19)
FN:246,(anonymous_20)
FN:247,(anonymous_21)
FN:251,(anonymous_22)
FN:263,(anonymous_23)
FN:268,(anonymous_24)
FN:272,(anonymous_25)
FN:288,(anonymous_26)
FN:294,(anonymous_27)
FN:298,(anonymous_28)
FN:302,(anonymous_29)
FN:307,(anonymous_30)
FN:312,(anonymous_31)
FN:317,(anonymous_32)
FN:321,(anonymous_33)
FN:323,(anonymous_34)
FN:327,(anonymous_35)
FN:331,(anonymous_36)
FN:335,(anonymous_37)
FN:339,(anonymous_38)
FN:344,(anonymous_39)
FN:348,(anonymous_40)
FN:356,(anonymous_41)
FN:365,(anonymous_42)
FNF:43
FNH:5
FNDA:193,API
FNDA:8,(anonymous_1)
FNDA:16,(anonymous_2)
FNDA:0,(anonymous_3)
FNDA:0,(anonymous_4)
FNDA:0,(anonymous_5)
FNDA:0,(anonymous_6)
FNDA:0,(anonymous_7)
FNDA:0,(anonymous_8)
FNDA:0,(anonymous_9)
FNDA:0,(anonymous_10)
FNDA:0,(anonymous_11)
FNDA:0,(anonymous_12)
FNDA:0,(anonymous_13)
FNDA:0,(anonymous_14)
FNDA:0,(anonymous_15)
FNDA:0,(anonymous_16)
FNDA:0,(anonymous_17)
FNDA:0,(anonymous_18)
FNDA:0,(anonymous_19)
FNDA:0,(anonymous_20)
FNDA:0,(anonymous_21)
FNDA:0,(anonymous_22)
FNDA:0,(anonymous_23)
FNDA:0,(anonymous_24)
FNDA:0,(anonymous_25)
FNDA:0,(anonymous_26)
FNDA:0,(anonymous_27)
FNDA:0,(anonymous_28)
FNDA:0,(anonymous_29)
FNDA:0,(anonymous_30)
FNDA:0,(anonymous_31)
FNDA:0,(anonymous_32)
FNDA:6,(anonymous_33)
FNDA:6,(anonymous_34)
FNDA:0,(anonymous_35)
FNDA:0,(anonymous_36)
FNDA:0,(anonymous_37)
FNDA:0,(anonymous_38)
FNDA:0,(anonymous_39)
FNDA:0,(anonymous_40)
FNDA:0,(anonymous_41)
FNDA:0,(anonymous_42)
DA:3,193
DA:5,193
DA:6,193
DA:7,193
DA:8,193
DA:9,193
DA:10,193
DA:15,193
DA:16,193
DA:17,193
DA:18,193
DA:19,193
DA:20,193
DA:24,193
DA:25,8
DA:26,8
DA:27,16
DA:29,8
DA:34,193
DA:35,0
DA:36,0
DA:38,0
DA:39,0
DA:40,0
DA:42,0
DA:48,0
DA:49,0
DA:50,0
DA:54,0
DA:55,0
DA:57,0
DA:58,0
DA:61,0
DA:62,0
DA:63,0
DA:67,0
DA:68,0
DA:72,0
DA:73,0
DA:74,0
DA:76,0
DA:79,0
DA:83,0
DA:84,0
DA:85,0
DA:88,0
DA:94,193
DA:95,0
DA:96,0
DA:97,0
DA:98,0
DA:100,0
DA:103,0
DA:108,193
DA:110,0
DA:111,0
DA:112,0
DA:113,0
DA:114,0
DA:115,0
DA:116,0
DA:118,0
DA:120,0
DA:125,193
DA:126,0
DA:130,0
DA:133,193
DA:134,0
DA:135,0
DA:139,0
DA:142,193
DA:143,0
DA:150,0
DA:153,193
DA:154,0
DA:156,0
DA:159,193
DA:160,0
DA:165,0
DA:168,193
DA:169,0
DA:170,0
DA:171,0
DA:173,0
DA:184,0
DA:185,0
DA:187,0
DA:190,193
DA:191,0
DA:192,0
DA:193,0
DA:194,0
DA:195,0
DA:198,0
DA:199,0
DA:200,0
DA:201,0
DA:202,0
DA:208,0
DA:209,0
DA:210,0
DA:211,0
DA:212,0
DA:213,0
DA:215,0
DA:217,0
DA:220,193
DA:221,0
DA:225,193
DA:226,0
DA:228,0
DA:233,0
DA:235,0
DA:236,0
DA:237,0
DA:239,0
DA:243,0
DA:246,193
DA:247,0
DA:248,0
DA:251,0
DA:252,0
DA:257,0
DA:259,0
DA:263,193
DA:264,0
DA:265,0
DA:268,193
DA:269,0
DA:272,193
DA:273,0
DA:274,0
DA:278,0
DA:279,0
DA:280,0
DA:281,0
DA:283,0
DA:288,193
DA:289,0
DA:290,0
DA:291,0
DA:294,193
DA:295,0
DA:298,193
DA:299,0
DA:302,193
DA:303,0
DA:304,0
DA:307,193
DA:308,0
DA:309,0
DA:312,193
DA:313,0
DA:314,0
DA:317,193
DA:318,0
DA:321,193
DA:322,6
DA:323,6
DA:324,6
DA:327,193
DA:328,0
DA:331,193
DA:332,0
DA:335,193
DA:336,0
DA:339,193
DA:340,0
DA:341,0
DA:344,193
DA:345,0
DA:348,193
DA:349,0
DA:350,0
DA:351,0
DA:352,0
DA:353,0
DA:356,193
DA:357,0
DA:358,0
DA:359,0
DA:360,0
DA:361,0
DA:362,0
DA:365,193
DA:366,0
LF:186
LH:53
BRDA:25,0,0,0
BRDA:25,0,1,8
BRDA:35,1,0,0
BRDA:35,1,1,0
BRDA:36,2,0,0
BRDA:36,2,1,0
BRDA:39,3,0,0
BRDA:39,3,1,0
BRDA:48,4,0,0
BRDA:48,4,1,0
BRDA:49,5,0,0
BRDA:49,5,1,0
BRDA:54,6,0,0
BRDA:54,6,1,0
BRDA:55,7,0,0
BRDA:55,7,1,0
BRDA:62,8,0,0
BRDA:62,8,1,0
BRDA:62,9,0,0
BRDA:62,9,1,0
BRDA:63,10,0,0
BRDA:63,10,1,0
BRDA:64,11,0,0
BRDA:64,11,1,0
BRDA:68,12,0,0
BRDA:68,12,1,0
BRDA:69,13,0,0
BRDA:69,13,1,0
BRDA:73,14,0,0
BRDA:73,14,1,0
BRDA:96,15,0,0
BRDA:96,15,1,0
BRDA:96,16,0,0
BRDA:96,16,1,0
BRDA:97,17,0,0
BRDA:97,17,1,0
BRDA:111,18,0,0
BRDA:111,18,1,0
BRDA:111,19,0,0
BRDA:111,19,1,0
BRDA:115,20,0,0
BRDA:115,20,1,0
BRDA:162,21,0,0
BRDA:162,21,1,0
BRDA:170,22,0,0
BRDA:170,22,1,0
BRDA:171,23,0,0
BRDA:171,23,1,0
BRDA:184,24,0,0
BRDA:184,24,1,0
BRDA:184,25,0,0
BRDA:184,25,1,0
BRDA:192,26,0,0
BRDA:192,26,1,0
BRDA:193,27,0,0
BRDA:193,27,1,0
BRDA:194,28,0,0
BRDA:194,28,1,0
BRDA:195,29,0,0
BRDA:195,29,1,0
BRDA:215,30,0,0
BRDA:215,30,1,0
BRDA:233,31,0,0
BRDA:233,31,1,0
BRDA:236,32,0,0
BRDA:236,32,1,0
BRDA:252,33,0,0
BRDA:252,33,1,0
BRDA:252,34,0,0
BRDA:252,34,1,0
BRDA:257,35,0,0
BRDA:257,35,1,0
BRDA:265,36,0,0
BRDA:265,36,1,0
BRDA:273,37,0,0
BRDA:273,37,1,0
BRDA:275,38,0,0
BRDA:275,38,1,0
BRDA:278,39,0,0
BRDA:278,39,1,0
BRDA:279,40,0,0
BRDA:279,40,1,0
BRDA:280,41,0,0
BRDA:280,41,1,0
BRDA:303,42,0,0
BRDA:303,42,1,0
BRDA:314,43,0,0
BRDA:314,43,1,0
BRDA:323,44,0,2
BRDA:323,44,1,4
BRDA:323,45,0,2
BRDA:323,45,1,4
BRDA:323,46,0,1
BRDA:323,46,1,5
BRDA:332,47,0,0
BRDA:332,47,1,0
BRDA:339,48,0,0
BRDA:341,49,0,0
BRDA:341,49,1,0
BRDA:361,50,0,0
BRDA:361,50,1,0
BRF:101
BRH:7
end_of_record
TN:
SF:D:\projects\arwallet\My-Wallet-V3\src\wallet-store.js
FN:6,(anonymous_0)
FN:23,(anonymous_1)
FN:27,(anonymous_2)
FN:30,(anonymous_3)
FN:33,(anonymous_4)
FN:36,(anonymous_5)
FN:39,(anonymous_6)
FN:42,(anonymous_7)
FN:45,(anonymous_8)
FN:48,(anonymous_9)
FN:51,(anonymous_10)
FN:64,(anonymous_11)
FN:67,(anonymous_12)
FN:70,(anonymous_13)
FN:73,(anonymous_14)
FN:82,(anonymous_15)
FN:85,(anonymous_16)
FN:88,(anonymous_17)
FN:91,(anonymous_18)
FN:94,(anonymous_19)
FN:97,(anonymous_20)
FN:100,(anonymous_21)
FN:103,(anonymous_22)
FN:106,(anonymous_23)
FN:109,(anonymous_24)
FN:112,(anonymous_25)
FN:115,(anonymous_26)
FN:118,(anonymous_27)
FN:121,(anonymous_28)
FN:124,(anonymous_29)
FN:129,(anonymous_30)
FN:132,(anonymous_31)
FN:136,(anonymous_32)
FN:139,(anonymous_33)
FN:142,(anonymous_34)
FN:145,(anonymous_35)
FNF:36
FNH:6
FNDA:193,(anonymous_0)
FNDA:0,(anonymous_1)
FNDA:0,(anonymous_2)
FNDA:0,(anonymous_3)
FNDA:0,(anonymous_4)
FNDA:0,(anonymous_5)
FNDA:0,(anonymous_6)
FNDA:0,(anonymous_7)
FNDA:0,(anonymous_8)
FNDA:0,(anonymous_9)
FNDA:0,(anonymous_10)
FNDA:0,(anonymous_11)
FNDA:0,(anonymous_12)
FNDA:0,(anonymous_13)
FNDA:0,(anonymous_14)
FNDA:0,(anonymous_15)
FNDA:0,(anonymous_16)
FNDA:0,(anonymous_17)
FNDA:0,(anonymous_18)
FNDA:0,(anonymous_19)
FNDA:3,(anonymous_20)
FNDA:1,(anonymous_21)
FNDA:0,(anonymous_22)
FNDA:0,(anonymous_23)
FNDA:0,(anonymous_24)
FNDA:0,(anonymous_25)
FNDA:0,(anonymous_26)
FNDA:0,(anonymous_27)
FNDA:0,(anonymous_28)
FNDA:7,(anonymous_29)
FNDA:0,(anonymous_30)
FNDA:0,(anonymous_31)
FNDA:2,(anonymous_32)
FNDA:1,(anonymous_33)
FNDA:0,(anonymous_34)
FNDA:0,(anonymous_35)
DA:3,193
DA:4,193
DA:6,193
DA:9,193
DA:10,193
DA:11,193
DA:12,193
DA:15,193
DA:16,193
DA:17,193
DA:18,193
DA:19,193
DA:20,193
DA:22,193
DA:24,0
DA:25,0
DA:28,0
DA:31,0
DA:34,0
DA:37,0
DA:40,0
DA:43,0
DA:46,0
DA:49,0
DA:52,0
DA:53,0
DA:54,0
DA:55,0
DA:56,0
DA:57,0
DA:58,0
DA:59,0
DA:60,0
DA:62,0
DA:65,0
DA:68,0
DA:71,0
DA:74,0
DA:75,0
DA:76,0
DA:78,0
DA:79,0
DA:83,0
DA:86,0
DA:89,0
DA:92,0
DA:95,0
DA:98,3
DA:101,1
DA:104,0
DA:107,0
DA:110,0
DA:113,0
DA:116,0
DA:119,0
DA:122,0
DA:125,7
DA:126,0
DA:130,0
DA:133,0
DA:134,0
DA:137,2
DA:140,1
DA:143,0
DA:146,0
DA:151,193
LF:66
LH:20
BRDA:53,0,0,0
BRDA:53,0,1,0
BRDA:53,0,2,0
BRDA:53,0,3,0
BRDA:53,0,4,0
BRDA:53,0,5,0
BRDA:53,0,6,0
BRDA:74,1,0,0
BRDA:74,1,1,0
BRDA:74,2,0,0
BRDA:74,2,1,0
BRF:11
BRH:0
end_of_record
TN:
SF:D:\projects\arwallet\My-Wallet-V3\src\wallet.js
FN:26,(anonymous_0)
FN:35,onMessage
FN:39,onOpen
FN:44,onClose
FN:50,didDecryptWallet
FN:57,(anonymous_5)
FN:73,(anonymous_6)
FN:88,(anonymous_7)
FN:103,(anonymous_8)
FN:111,(anonymous_9)
FN:118,(anonymous_10)
FN:126,(anonymous_11)
FN:129,(anonymous_12)
FN:132,(anonymous_13)
FN:138,(anonymous_14)
FN:143,(anonymous_15)
FN:155,(anonymous_16)
FN:186,(anonymous_17)
FN:188,(anonymous_18)
FN:192,(anonymous_19)
FN:200,(anonymous_20)
FN:221,(anonymous_21)
FN:232,(anonymous_22)
FN:239,(anonymous_23)
FN:256,(anonymous_24)
FN:257,(anonymous_25)
FN:267,(anonymous_26)
FN:268,(anonymous_27)
FN:268,(anonymous_28)
FN:269,(anonymous_29)
FN:290,(anonymous_30)
FN:297,(anonymous_31)
FN:297,(anonymous_32)
FN:302,(anonymous_33)
FN:304,(anonymous_34)
FN:322,(anonymous_35)
FN:322,(anonymous_36)
FN:323,(anonymous_37)
FN:331,(anonymous_38)
FN:335,(anonymous_39)
FN:345,(anonymous_40)
FN:354,(anonymous_41)
FN:355,(anonymous_42)
FN:360,_success
FN:363,_error
FN:375,(anonymous_45)
FN:386,(anonymous_46)
FN:389,(anonymous_47)
FN:392,(anonymous_48)
FN:395,(anonymous_49)
FN:396,(anonymous_50)
FN:401,(anonymous_51)
FN:406,setIsInitialized
FN:413,syncWallet
FN:414,(anonymous_54)
FN:433,(anonymous_55)
FN:457,(anonymous_56)
FN:482,(anonymous_57)
FN:485,(anonymous_58)
FN:488,(anonymous_59)
FN:496,(anonymous_60)
FN:499,(anonymous_61)
FN:505,(anonymous_62)
FN:511,(anonymous_63)
FN:520,(anonymous_64)
FN:529,(anonymous_65)
FN:546,(anonymous_66)
FN:547,(anonymous_67)
FN:556,(anonymous_68)
FN:558,(anonymous_69)
FN:569,(anonymous_70)
FN:571,(anonymous_71)
FN:586,(anonymous_72)
FN:587,(anonymous_73)
FN:588,(anonymous_74)
FN:590,(anonymous_75)
FN:591,(anonymous_76)
FN:606,(anonymous_77)
FN:620,(anonymous_78)
FN:628,(anonymous_79)
FN:640,(anonymous_80)
FNF:81
FNH:31
FNDA:0,(anonymous_0)
FNDA:0,onMessage
FNDA:0,onOpen
FNDA:0,onClose
FNDA:0,didDecryptWallet
FNDA:0,(anonymous_5)
FNDA:0,(anonymous_6)
FNDA:0,(anonymous_7)
FNDA:0,(anonymous_8)
FNDA:0,(anonymous_9)
FNDA:0,(anonymous_10)
FNDA:0,(anonymous_11)
FNDA:0,(anonymous_12)
FNDA:0,(anonymous_13)
FNDA:0,(anonymous_14)
FNDA:1,(anonymous_15)
FNDA:0,(anonymous_16)
FNDA:2,(anonymous_17)
FNDA:2,(anonymous_18)
FNDA:0,(anonymous_19)
FNDA:0,(anonymous_20)
FNDA:0,(anonymous_21)
FNDA:0,(anonymous_22)
FNDA:0,(anonymous_23)
FNDA:0,(anonymous_24)
FNDA:0,(anonymous_25)
FNDA:0,(anonymous_26)
FNDA:0,(anonymous_27)
FNDA:0,(anonymous_28)
FNDA:0,(anonymous_29)
FNDA:19,(anonymous_30)
FNDA:85,(anonymous_31)
FNDA:39,(anonymous_32)
FNDA:15,(anonymous_33)
FNDA:13,(anonymous_34)
FNDA:14,(anonymous_35)
FNDA:5,(anonymous_36)
FNDA:5,(anonymous_37)
FNDA:16,(anonymous_38)
FNDA:0,(anonymous_39)
FNDA:4,(anonymous_40)
FNDA:3,(anonymous_41)
FNDA:3,(anonymous_42)
FNDA:0,_success
FNDA:0,_error
FNDA:0,(anonymous_45)
FNDA:3,(anonymous_46)
FNDA:3,(anonymous_47)
FNDA:3,(anonymous_48)
FNDA:3,(anonymous_49)
FNDA:3,(anonymous_50)
FNDA:0,(anonymous_51)
FNDA:0,setIsInitialized
FNDA:0,syncWallet
FNDA:0,(anonymous_54)
FNDA:0,(anonymous_55)
FNDA:0,(anonymous_56)
FNDA:0,(anonymous_57)
FNDA:0,(anonymous_58)
FNDA:0,(anonymous_59)
FNDA:0,(anonymous_60)
FNDA:0,(anonymous_61)
FNDA:0,(anonymous_62)
FNDA:0,(anonymous_63)
FNDA:0,(anonymous_64)
FNDA:0,(anonymous_65)
FNDA:3,(anonymous_66)
FNDA:1,(anonymous_67)
FNDA:2,(anonymous_68)
FNDA:2,(anonymous_69)
FNDA:1,(anonymous_70)
FNDA:2,(anonymous_71)
FNDA:4,(anonymous_72)
FNDA:4,(anonymous_73)
FNDA:4,(anonymous_74)
FNDA:4,(anonymous_75)
FNDA:4,(anonymous_76)
FNDA:0,(anonymous_77)
FNDA:0,(anonymous_78)
FNDA:0,(anonymous_79)
FNDA:0,(anonymous_80)
DA:1,193
DA:3,193
DA:4,193
DA:5,193
DA:6,193
DA:7,193
DA:8,193
DA:9,193
DA:10,193
DA:11,193
DA:12,193
DA:13,193
DA:14,193
DA:15,193
DA:16,193
DA:17,193
DA:18,193
DA:19,193
DA:21,193
DA:22,193
DA:23,193
DA:26,193
DA:27,0
DA:28,0
DA:29,0
DA:30,0
DA:31,0
DA:33,0
DA:36,0
DA:40,0
DA:41,0
DA:45,0
DA:52,0
DA:53,0
DA:57,193
DA:58,0
DA:59,0
DA:60,0
DA:62,0
DA:63,0
DA:66,0
DA:67,0
DA:68,0
DA:70,0
DA:71,0
DA:73,0
DA:74,0
DA:77,0
DA:78,0
DA:79,0
DA:80,0
DA:81,0
DA:82,0
DA:84,0
DA:87,0
DA:88,0
DA:89,0
DA:91,0
DA:93,0
DA:94,0
DA:95,0
DA:96,0
DA:97,0
DA:98,0
DA:103,193
DA:104,0
DA:105,0
DA:111,193
DA:112,0
DA:114,0
DA:115,0
DA:118,0
DA:119,0
DA:120,0
DA:121,0
DA:124,0
DA:126,0
DA:127,0
DA:129,0
DA:130,0
DA:135,0
DA:136,0
DA:139,0
DA:143,193
DA:144,1
DA:145,1
DA:146,1
DA:148,1
DA:149,0
DA:150,0
DA:152,1
DA:156,0
DA:164,0
DA:165,0
DA:168,0
DA:169,0
DA:170,0
DA:172,0
DA:173,0
DA:175,0
DA:176,0
DA:177,0
DA:183,193
DA:186,193
DA:187,2
DA:188,2
DA:189,2
DA:190,2
DA:191,2
DA:193,0
DA:196,0
DA:200,193
DA:201,0
DA:202,0
DA:205,0
DA:207,0
DA:208,0
DA:211,0
DA:212,0
DA:215,0
DA:221,0
DA:222,0
DA:223,0
DA:224,0
DA:225,0
DA:226,0
DA:228,0
DA:232,0
DA:233,0
DA:236,0
DA:239,193
DA:240,0
DA:243,0
DA:244,0
DA:246,0
DA:247,0
DA:248,0
DA:249,0
DA:256,193
DA:257,0
DA:258,0
DA:259,0
DA:263,0
DA:264,0
DA:265,0
DA:266,0
DA:267,0
DA:268,0
DA:269,0
DA:270,0
DA:290,193
DA:291,19
DA:292,19
DA:297,85
DA:298,39
DA:299,39
DA:302,19
DA:303,15
DA:305,13
DA:309,19
DA:312,1
DA:313,18
DA:316,2
DA:322,16
DA:323,5
DA:324,5
DA:328,16
DA:331,16
DA:336,0
DA:337,0
DA:345,193
DA:346,4
DA:347,1
DA:349,4
DA:350,0
DA:354,193
DA:355,3
DA:356,3
DA:357,2
DA:364,0
DA:365,0
DA:367,0
DA:368,0
DA:371,1
DA:372,1
DA:374,1
DA:376,0
DA:377,0
DA:385,3
DA:386,3
DA:387,3
DA:389,3
DA:390,3
DA:392,3
DA:393,3
DA:395,3
DA:396,3
DA:397,3
DA:401,193
DA:402,0
DA:407,0
DA:408,0
DA:409,0
DA:414,0
DA:415,0
DA:416,0
DA:417,0
DA:421,0
DA:422,0
DA:425,0
DA:428,0
DA:431,0
DA:433,0
DA:434,0
DA:435,0
DA:437,0
DA:440,0
DA:442,0
DA:443,0
DA:444,0
DA:445,0
DA:452,0
DA:453,0
DA:457,0
DA:458,0
DA:459,0
DA:460,0
DA:461,0
DA:462,0
DA:463,0
DA:472,0
DA:473,0
DA:476,0
DA:478,0
DA:479,0
DA:480,0
DA:481,0
DA:482,0
DA:483,0
DA:484,0
DA:485,0
DA:486,0
DA:488,0
DA:490,0
DA:493,0
DA:497,0
DA:500,0
DA:501,0
DA:502,0
DA:503,0
DA:506,0
DA:507,0
DA:512,0
DA:513,0
DA:517,0
DA:518,0
DA:521,0
DA:522,0
DA:525,0
DA:526,0
DA:529,193
DA:530,0
DA:531,0
DA:546,193
DA:547,3
DA:548,1
DA:549,0
DA:552,1
DA:553,1
DA:556,3
DA:558,2
DA:559,2
DA:561,2
DA:562,1
DA:565,2
DA:566,1
DA:569,2
DA:570,1
DA:572,2
DA:577,3
DA:578,3
DA:579,2
DA:581,1
DA:586,193
DA:587,4
DA:588,4
DA:590,4
DA:591,4
DA:592,4
DA:597,4
DA:598,4
DA:599,4
DA:602,4
DA:606,193
DA:607,0
DA:608,0
DA:609,0
DA:612,0
DA:613,0
DA:614,0
DA:616,0
DA:620,193
DA:621,0
DA:622,0
DA:623,0
DA:628,193
DA:629,0
DA:630,0
DA:631,0
DA:633,0
DA:634,0
DA:635,0
DA:636,0
DA:640,193
DA:641,0
DA:642,0
DA:644,0
DA:645,0
DA:647,0
DA:648,0
DA:651,0
DA:653,0
DA:669,0
DA:670,0
DA:672,0
DA:673,0
DA:689,0
DA:692,0
DA:693,0
DA:697,0
DA:699,0
DA:700,0
DA:703,0
LF:333
LH:115
BRDA:66,0,0,0
BRDA:66,0,1,0
BRDA:70,1,0,0
BRDA:70,1,1,0
BRDA:70,2,0,0
BRDA:70,2,1,0
BRDA:77,3,0,0
BRDA:77,3,1,0
BRDA:81,4,0,0
BRDA:81,4,1,0
BRDA:82,5,0,0
BRDA:82,5,1,0
BRDA:82,6,0,0
BRDA:82,6,1,0
BRDA:82,6,2,0
BRDA:94,7,0,0
BRDA:94,7,1,0
BRDA:97,8,0,0
BRDA:97,8,1,0
BRDA:104,9,0,0
BRDA:104,9,1,0
BRDA:114,10,0,0
BRDA:114,10,1,0
BRDA:114,11,0,0
BRDA:114,11,1,0
BRDA:119,12,0,0
BRDA:119,12,1,0
BRDA:119,13,0,0
BRDA:119,13,1,0
BRDA:120,14,0,0
BRDA:120,14,1,0
BRDA:130,15,0,0
BRDA:130,15,1,0
BRDA:136,16,0,0
BRDA:136,16,1,0
BRDA:139,17,0,0
BRDA:139,17,1,0
BRDA:148,18,0,0
BRDA:148,18,1,1
BRDA:148,19,0,1
BRDA:148,19,1,1
BRDA:148,19,2,1
BRDA:164,20,0,0
BRDA:164,20,1,0
BRDA:169,21,0,0
BRDA:169,21,1,0
BRDA:169,22,0,0
BRDA:169,22,1,0
BRDA:169,22,2,0
BRDA:172,23,0,0
BRDA:172,23,1,0
BRDA:176,24,0,0
BRDA:176,24,1,0
BRDA:201,25,0,0
BRDA:201,25,1,0
BRDA:201,26,0,0
BRDA:201,26,1,0
BRDA:207,27,0,0
BRDA:207,27,1,0
BRDA:211,28,0,0
BRDA:211,28,1,0
BRDA:211,29,0,0
BRDA:211,29,1,0
BRDA:223,30,0,0
BRDA:223,30,1,0
BRDA:223,31,0,0
BRDA:223,31,1,0
BRDA:244,32,0,0
BRDA:244,32,1,0
BRDA:252,33,0,0
BRDA:252,33,1,0
BRDA:259,34,0,0
BRDA:259,34,1,0
BRDA:260,35,0,0
BRDA:260,35,1,0
BRDA:263,36,0,0
BRDA:263,36,1,0
BRDA:266,37,0,0
BRDA:266,37,1,0
BRDA:293,38,0,19
BRDA:293,38,1,2
BRDA:293,38,2,2
BRDA:298,39,0,39
BRDA:298,39,1,25
BRDA:299,40,0,0
BRDA:299,40,1,39
BRDA:309,41,0,1
BRDA:309,41,1,18
BRDA:309,42,0,19
BRDA:309,42,1,1
BRDA:313,43,0,2
BRDA:313,43,1,16
BRDA:331,44,0,2
BRDA:331,44,1,14
BRDA:346,45,0,1
BRDA:346,45,1,3
BRDA:346,46,0,4
BRDA:346,46,1,2
BRDA:346,46,2,2
BRDA:349,47,0,0
BRDA:349,47,1,4
BRDA:349,48,0,4
BRDA:349,48,1,0
BRDA:356,49,0,2
BRDA:356,49,1,1
BRDA:356,50,0,3
BRDA:356,50,1,3
BRDA:407,51,0,0
BRDA:407,51,1,0
BRDA:421,52,0,0
BRDA:421,52,1,0
BRDA:425,53,0,0
BRDA:425,53,1,0
BRDA:425,54,0,0
BRDA:425,54,1,0
BRDA:425,54,2,0
BRDA:425,54,3,0
BRDA:440,55,0,0
BRDA:440,55,1,0
BRDA:449,56,0,0
BRDA:449,56,1,0
BRDA:452,57,0,0
BRDA:452,57,1,0
BRDA:472,58,0,0
BRDA:472,58,1,0
BRDA:476,59,0,0
BRDA:476,59,1,0
BRDA:479,60,0,0
BRDA:479,60,1,0
BRDA:479,61,0,0
BRDA:479,61,1,0
BRDA:484,62,0,0
BRDA:484,62,1,0
BRDA:503,63,0,0
BRDA:503,63,1,0
BRDA:548,64,0,0
BRDA:548,64,1,1
BRDA:561,65,0,1
BRDA:561,65,1,1
BRDA:565,66,0,1
BRDA:565,66,1,1
BRDA:598,67,0,4
BRDA:598,67,1,0
BRDA:607,68,0,0
BRDA:607,68,1,0
BRDA:607,69,0,0
BRDA:607,69,1,0
BRDA:635,70,0,0
BRDA:635,70,1,0
BRDA:647,71,0,0
BRDA:647,71,1,0
BRDA:672,72,0,0
BRDA:672,72,1,0
BRDA:692,73,0,0
BRDA:692,73,1,0
BRDA:699,74,0,0
BRDA:699,74,1,0
BRF:157
BRH:35
end_of_record
TN:
SF:D:\projects\arwallet\My-Wallet-V3\src\ws-browser.js
FN:4,ws
FN:11,(anonymous_1)
FN:15,(anonymous_2)
FN:16,(anonymous_3)
FN:22,(anonymous_4)
FNF:5
FNH:2
FNDA:200,ws
FNDA:686,(anonymous_1)
FNDA:0,(anonymous_2)
FNDA:0,(anonymous_3)
FNDA:0,(anonymous_4)
DA:2,193
DA:5,200
DA:8,193
DA:9,193
DA:11,193
DA:12,686
DA:15,193
DA:16,0
DA:17,0
DA:18,0
DA:22,193
DA:23,0
DA:27,193
LF:13
LH:9
BRDA:2,0,0,193
BRDA:2,0,1,0
BRDA:5,1,0,200
BRDA:5,1,1,0
BRDA:8,2,0,193
BRDA:8,2,1,0
BRDA:27,3,0,193
BRDA:27,3,1,0
BRF:8
BRH:4
end_of_record
TN:
SF:D:\projects\arwallet\My-Wallet-V3\src\wallet-signup.js
FN:8,generateNewWallet
FN:14,(anonymous_1)
FNF:2
FNH:2
FNDA:3,generateNewWallet
FNDA:2,(anonymous_1)
DA:3,193
DA:5,193
DA:6,193
DA:9,3
DA:10,2
DA:12,2
DA:14,2
DA:15,2
DA:16,2
DA:18,2
DA:19,1
DA:22,2
DA:26,193
LF:13
LH:13
BRDA:12,0,0,2
BRDA:12,0,1,2
BRDA:18,1,0,1
BRDA:18,1,1,1
BRDA:18,2,0,2
BRDA:18,2,1,1
BRF:6
BRH:6
end_of_record
TN:
SF:D:\projects\arwallet\My-Wallet-V3\src\blockchain-wallet.js
FN:32,Wallet
FN:58,(anonymous_1)
FN:100,(anonymous_2)
FN:104,(anonymous_3)
FN:108,(anonymous_4)
FN:112,(anonymous_5)
FN:119,(anonymous_6)
FN:123,(anonymous_7)
FN:127,(anonymous_8)
FN:128,(anonymous_9)
FN:142,(anonymous_10)
FN:146,(anonymous_11)
FN:147,(anonymous_12)
FN:157,(anonymous_13)
FN:158,(anonymous_14)
FN:168,(anonymous_15)
FN:169,(anonymous_16)
FN:179,(anonymous_17)
FN:183,(anonymous_18)
FN:184,(anonymous_19)
FN:194,(anonymous_20)
FN:198,(anonymous_21)
FN:198,(anonymous_22)
FN:202,(anonymous_23)
FN:204,(anonymous_24)
FN:205,(anonymous_25)
FN:210,(anonymous_26)
FN:214,(anonymous_27)
FN:222,(anonymous_28)
FN:224,(anonymous_29)
FN:229,(anonymous_30)
FN:229,(anonymous_31)
FN:233,(anonymous_32)
FN:237,(anonymous_33)
FN:243,(anonymous_34)
FN:247,(anonymous_35)
FN:250,(anonymous_36)
FN:252,(anonymous_37)
FN:254,(anonymous_38)
FN:264,(anonymous_39)
FN:266,(anonymous_40)
FN:272,(anonymous_41)
FN:275,(anonymous_42)
FN:276,(anonymous_43)
FN:285,(anonymous_44)
FN:291,(anonymous_45)
FN:297,(anonymous_46)
FN:299,(anonymous_47)
FN:300,(anonymous_48)
FN:306,(anonymous_49)
FN:310,(anonymous_50)
FN:314,(anonymous_51)
FN:315,(anonymous_52)
FN:327,(anonymous_53)
FN:328,(anonymous_54)
FN:339,(anonymous_55)
FN:343,(anonymous_56)
FN:349,(anonymous_57)
FN:355,(anonymous_58)
FN:361,(anonymous_59)
FN:368,(anonymous_60)
FN:388,(anonymous_61)
FN:412,(anonymous_62)
FN:414,(anonymous_63)
FN:418,(anonymous_64)
FN:423,(anonymous_65)
FN:424,(anonymous_66)
FN:429,(anonymous_67)
FN:433,(anonymous_68)
FN:440,(anonymous_69)
FN:441,addressBookToJSON
FN:443,(anonymous_71)
FN:467,(anonymous_72)
FN:468,(anonymous_73)
FN:502,(anonymous_74)
FN:503,(anonymous_75)
FN:527,(anonymous_76)
FN:532,(anonymous_77)
FN:550,(anonymous_78)
FN:566,(anonymous_79)
FN:587,(anonymous_80)
FN:592,(anonymous_81)
FN:597,(anonymous_82)
FN:612,(anonymous_83)
FN:624,(anonymous_84)
FN:629,(anonymous_85)
FN:644,(anonymous_86)
FN:656,(anonymous_87)
FN:661,isAccountNonUsed
FN:662,(anonymous_89)
FN:670,(anonymous_90)
FN:676,(anonymous_91)
FN:677,(anonymous_92)
FN:695,(anonymous_93)
FN:701,(anonymous_94)
FN:708,(anonymous_95)
FN:728,(anonymous_96)
FN:739,(anonymous_97)
FN:746,(anonymous_98)
FN:762,(anonymous_99)
FN:766,(anonymous_100)
FN:771,(anonymous_101)
FN:776,(anonymous_102)
FN:780,(anonymous_103)
FN:786,(anonymous_104)
FN:791,(anonymous_105)
FN:798,(anonymous_106)
FN:815,(anonymous_107)
FN:826,(anonymous_108)
FN:839,(anonymous_109)
FN:850,(anonymous_110)
FN:852,(anonymous_111)
FN:858,(anonymous_112)
FN:865,(anonymous_113)
FN:870,(anonymous_114)
FN:871,(anonymous_115)
FN:875,(anonymous_116)
FN:888,(anonymous_117)
FN:893,(anonymous_118)
FN:897,(anonymous_119)
FN:898,(anonymous_120)
FN:901,(anonymous_121)
FN:905,(anonymous_122)
FN:908,(anonymous_123)
FN:932,(anonymous_124)
FN:937,(anonymous_125)
FN:938,(anonymous_126)
FN:957,(anonymous_127)
FN:961,(anonymous_128)
FNF:129
FNH:43
FNDA:56,Wallet
FNDA:54,(anonymous_1)
FNDA:0,(anonymous_2)
FNDA:4,(anonymous_3)
FNDA:4,(anonymous_4)
FNDA:0,(anonymous_5)
FNDA:4,(anonymous_6)
FNDA:4,(anonymous_7)
FNDA:3,(anonymous_8)
FNDA:3,(anonymous_9)
FNDA:4,(anonymous_10)
FNDA:1,(anonymous_11)
FNDA:2,(anonymous_12)
FNDA:1,(anonymous_13)
FNDA:2,(anonymous_14)
FNDA:1,(anonymous_15)
FNDA:2,(anonymous_16)
FNDA:0,(anonymous_17)
FNDA:1,(anonymous_18)
FNDA:2,(anonymous_19)
FNDA:17,(anonymous_20)
FNDA:2,(anonymous_21)
FNDA:4,(anonymous_22)
FNDA:1,(anonymous_23)
FNDA:2,(anonymous_24)
FNDA:1,(anonymous_25)
FNDA:46,(anonymous_26)
FNDA:2,(anonymous_27)
FNDA:15,(anonymous_28)
FNDA:45,(anonymous_29)
FNDA:8,(anonymous_30)
FNDA:24,(anonymous_31)
FNDA:7,(anonymous_32)
FNDA:3,(anonymous_33)
FNDA:0,(anonymous_34)
FNDA:0,(anonymous_35)
FNDA:0,(anonymous_36)
FNDA:0,(anonymous_37)
FNDA:0,(anonymous_38)
FNDA:3,(anonymous_39)
FNDA:5,(anonymous_40)
FNDA:0,(anonymous_41)
FNDA:0,(anonymous_42)
FNDA:0,(anonymous_43)
FNDA:0,(anonymous_44)
FNDA:0,(anonymous_45)
FNDA:0,(anonymous_46)
FNDA:0,(anonymous_47)
FNDA:0,(anonymous_48)
FNDA:1,(anonymous_49)
FNDA:1,(anonymous_50)
FNDA:0,(anonymous_51)
FNDA:0,(anonymous_52)
FNDA:1,(anonymous_53)
FNDA:4,(anonymous_54)
FNDA:0,(anonymous_55)
FNDA:0,(anonymous_56)
FNDA:0,(anonymous_57)
FNDA:0,(anonymous_58)
FNDA:0,(anonymous_59)
FNDA:0,(anonymous_60)
FNDA:0,(anonymous_61)
FNDA:0,(anonymous_62)
FNDA:0,(anonymous_63)
FNDA:0,(anonymous_64)
FNDA:0,(anonymous_65)
FNDA:0,(anonymous_66)
FNDA:0,(anonymous_67)
FNDA:0,(anonymous_68)
FNDA:2,(anonymous_69)
FNDA:2,addressBookToJSON
FNDA:2,(anonymous_71)
FNDA:0,(anonymous_72)
FNDA:0,(anonymous_73)
FNDA:0,(anonymous_74)
FNDA:0,(anonymous_75)
FNDA:0,(anonymous_76)
FNDA:0,(anonymous_77)
FNDA:0,(anonymous_78)
FNDA:0,(anonymous_79)
FNDA:0,(anonymous_80)
FNDA:0,(anonymous_81)
FNDA:0,(anonymous_82)
FNDA:0,(anonymous_83)
FNDA:0,(anonymous_84)
FNDA:0,(anonymous_85)
FNDA:0,(anonymous_86)
FNDA:51,(anonymous_87)
FNDA:0,isAccountNonUsed
FNDA:0,(anonymous_89)
FNDA:0,(anonymous_90)
FNDA:0,(anonymous_91)
FNDA:0,(anonymous_92)
FNDA:3,(anonymous_93)
FNDA:3,(anonymous_94)
FNDA:0,(anonymous_95)
FNDA:0,(anonymous_96)
FNDA:0,(anonymous_97)
FNDA:0,(anonymous_98)
FNDA:0,(anonymous_99)
FNDA:0,(anonymous_100)
FNDA:0,(anonymous_101)
FNDA:0,(anonymous_102)
FNDA:0,(anonymous_103)
FNDA:0,(anonymous_104)
FNDA:0,(anonymous_105)
FNDA:0,(anonymous_106)
FNDA:0,(anonymous_107)
FNDA:0,(anonymous_108)
FNDA:0,(anonymous_109)
FNDA:0,(anonymous_110)
FNDA:0,(anonymous_111)
FNDA:0,(anonymous_112)
FNDA:0,(anonymous_113)
FNDA:0,(anonymous_114)
FNDA:0,(anonymous_115)
FNDA:0,(anonymous_116)
FNDA:0,(anonymous_117)
FNDA:0,(anonymous_118)
FNDA:0,(anonymous_119)
FNDA:0,(anonymous_120)
FNDA:0,(anonymous_121)
FNDA:0,(anonymous_122)
FNDA:0,(anonymous_123)
FNDA:0,(anonymous_124)
FNDA:0,(anonymous_125)
FNDA:0,(anonymous_126)
FNDA:0,(anonymous_127)
FNDA:0,(anonymous_128)
DA:1,193
DA:4,193
DA:5,193
DA:6,193
DA:8,193
DA:9,193
DA:10,193
DA:11,193
DA:12,193
DA:13,193
DA:14,193
DA:15,193
DA:16,193
DA:17,193
DA:18,193
DA:19,193
DA:20,193
DA:21,193
DA:22,193
DA:23,193
DA:24,193
DA:25,193
DA:26,193
DA:27,193
DA:28,193
DA:33,56
DA:34,56
DA:35,56
DA:36,56
DA:38,56
DA:39,56
DA:40,56
DA:41,56
DA:43,56
DA:44,56
DA:45,56
DA:46,56
DA:47,56
DA:50,56
DA:52,56
DA:57,56
DA:59,54
DA:60,54
DA:61,54
DA:65,56
DA:67,56
DA:68,55
DA:69,1
DA:70,0
DA:71,0
DA:72,0
DA:74,0
DA:78,56
DA:84,56
DA:87,56
DA:88,56
DA:89,56
DA:90,56
DA:91,56
DA:92,56
DA:93,56
DA:94,56
DA:97,193
DA:100,0
DA:104,4
DA:108,4
DA:113,0
DA:114,0
DA:119,4
DA:123,4
DA:127,3
DA:129,3
DA:131,1
DA:133,1
DA:135,1
DA:136,1
DA:142,4
DA:146,1
DA:148,2
DA:149,1
DA:151,1
DA:157,1
DA:159,2
DA:160,1
DA:162,1
DA:168,1
DA:170,2
DA:171,1
DA:173,1
DA:179,0
DA:183,1
DA:185,2
DA:186,1
DA:188,1
DA:194,17
DA:198,4
DA:203,1
DA:204,2
DA:205,1
DA:210,46
DA:215,2
DA:216,2
DA:217,2
DA:223,15
DA:224,45
DA:229,24
DA:233,7
DA:238,3
DA:243,0
DA:249,0
DA:250,0
DA:252,0
DA:254,0
DA:257,0
DA:259,0
DA:265,3
DA:266,5
DA:273,0
DA:274,0
DA:275,0
DA:276,0
DA:279,0
DA:286,0
DA:292,0
DA:298,0
DA:299,0
DA:300,0
DA:306,1
DA:310,1
DA:314,0
DA:316,0
DA:317,0
DA:318,0
DA:319,0
DA:321,0
DA:327,1
DA:329,4
DA:330,1
DA:331,1
DA:333,3
DA:339,0
DA:344,0
DA:350,0
DA:356,0
DA:362,0
DA:368,193
DA:369,0
DA:370,0
DA:371,0
DA:375,0
DA:376,0
DA:377,0
DA:378,0
DA:379,0
DA:380,0
DA:383,0
DA:384,0
DA:385,0
DA:386,0
DA:388,0
DA:389,0
DA:390,0
DA:391,0
DA:392,0
DA:393,0
DA:394,0
DA:395,0
DA:398,0
DA:399,0
DA:400,0
DA:401,0
DA:402,0
DA:405,0
DA:406,0
DA:407,0
DA:408,0
DA:409,0
DA:412,193
DA:413,0
DA:414,0
DA:418,193
DA:419,0
DA:423,193
DA:424,0
DA:425,0
DA:426,0
DA:429,0
DA:430,0
DA:431,0
DA:433,0
DA:434,0
DA:437,0
DA:440,193
DA:442,2
DA:443,2
DA:446,2
DA:467,193
DA:468,0
DA:469,0
DA:470,0
DA:471,0
DA:472,0
DA:473,0
DA:475,0
DA:476,0
DA:478,0
DA:482,0
DA:483,0
DA:484,0
DA:485,0
DA:486,0
DA:487,0
DA:489,0
DA:490,0
DA:493,0
DA:494,0
DA:495,0
DA:496,0
DA:498,0
DA:502,193
DA:503,0
DA:504,0
DA:505,0
DA:506,0
DA:508,0
DA:511,0
DA:512,0
DA:513,0
DA:514,0
DA:515,0
DA:517,0
DA:518,0
DA:519,0
DA:520,0
DA:521,0
DA:524,0
DA:527,193
DA:528,0
DA:529,0
DA:532,193
DA:533,0
DA:535,0
DA:537,0
DA:538,0
DA:540,0
DA:541,0
DA:542,0
DA:543,0
DA:545,0
DA:546,0
DA:547,0
DA:550,193
DA:551,0
DA:552,0
DA:553,0
DA:554,0
DA:555,0
DA:557,0
DA:566,193
DA:567,0
DA:568,0
DA:569,0
DA:570,0
DA:572,0
DA:573,0
DA:575,0
DA:576,0
DA:578,0
DA:579,0
DA:582,0
DA:583,0
DA:584,0
DA:587,193
DA:588,0
DA:589,0
DA:592,193
DA:593,0
DA:594,0
DA:595,0
DA:596,0
DA:597,0
DA:598,0
DA:599,0
DA:602,0
DA:605,0
DA:606,0
DA:607,0
DA:610,0
DA:611,0
DA:612,0
DA:613,0
DA:614,0
DA:615,0
DA:616,0
DA:617,0
DA:619,0
DA:621,0
DA:624,193
DA:625,0
DA:626,0
DA:627,0
DA:628,0
DA:629,0
DA:630,0
DA:631,0
DA:634,0
DA:637,0
DA:638,0
DA:639,0
DA:642,0
DA:643,0
DA:644,0
DA:645,0
DA:646,0
DA:647,0
DA:648,0
DA:649,0
DA:651,0
DA:653,0
DA:656,193
DA:657,51
DA:658,50
DA:662,0
DA:663,0
DA:664,0
DA:665,0
DA:667,0
DA:670,193
DA:671,0
DA:672,0
DA:673,0
DA:674,0
DA:676,0
DA:677,0
DA:678,0
DA:680,0
DA:681,0
DA:682,0
DA:684,0
DA:685,0
DA:686,0
DA:690,0
DA:695,193
DA:696,3
DA:697,2
DA:698,1
DA:701,193
DA:702,3
DA:703,2
DA:704,1
DA:708,193
DA:709,0
DA:711,0
DA:717,0
DA:718,0
DA:719,0
DA:720,0
DA:721,0
DA:722,0
DA:723,0
DA:724,0
DA:728,193
DA:729,0
DA:730,0
DA:731,0
DA:732,0
DA:733,0
DA:734,0
DA:735,0
DA:736,0
DA:737,0
DA:738,0
DA:739,0
DA:740,0
DA:743,0
DA:746,193
DA:747,0
DA:748,0
DA:750,0
DA:751,0
DA:753,0
DA:754,0
DA:755,0
DA:757,0
DA:758,0
DA:759,0
DA:762,193
DA:763,0
DA:766,193
DA:767,0
DA:768,0
DA:771,193
DA:772,0
DA:773,0
DA:776,193
DA:777,0
DA:780,193
DA:781,0
DA:782,0
DA:783,0
DA:786,193
DA:787,0
DA:788,0
DA:791,193
DA:792,0
DA:795,0
DA:798,193
DA:799,0
DA:800,0
DA:801,0
DA:802,0
DA:803,0
DA:804,0
DA:805,0
DA:807,0
DA:808,0
DA:809,0
DA:812,0
DA:815,193
DA:816,0
DA:817,0
DA:818,0
DA:819,0
DA:823,0
DA:826,193
DA:827,0
DA:828,0
DA:829,0
DA:830,0
DA:831,0
DA:832,0
DA:834,0
DA:836,0
DA:839,193
DA:840,0
DA:841,0
DA:842,0
DA:843,0
DA:846,0
DA:847,0
DA:850,193
DA:851,0
DA:852,0
DA:853,0
DA:854,0
DA:858,193
DA:859,0
DA:865,193
DA:866,0
DA:868,0
DA:870,0
DA:871,0
DA:872,0
DA:875,0
DA:876,0
DA:877,0
DA:878,0
DA:881,0
DA:882,0
DA:884,0
DA:888,0
DA:889,0
DA:890,0
DA:893,0
DA:894,0
DA:895,0
DA:896,0
DA:897,0
DA:898,0
DA:901,0
DA:902,0
DA:903,0
DA:904,0
DA:905,0
DA:908,0
DA:909,0
DA:910,0
DA:913,0
DA:915,0
DA:917,0
DA:918,0
DA:919,0
DA:920,0
DA:924,0
DA:926,0
DA:929,0
DA:932,193
DA:933,0
DA:934,0
DA:937,193
DA:938,0
DA:939,0
DA:940,0
DA:941,0
DA:942,0
DA:944,0
DA:948,0
DA:949,0
DA:950,0
DA:951,0
DA:953,0
DA:957,193
DA:958,0
DA:961,193
DA:963,0
DA:964,0
DA:965,0
DA:966,0
DA:968,0
DA:969,0
DA:970,0
LF:511
LH:159
BRDA:33,0,0,56
BRDA:33,0,1,1
BRDA:34,1,0,56
BRDA:34,1,1,1
BRDA:35,2,0,56
BRDA:35,2,1,1
BRDA:36,3,0,56
BRDA:36,3,1,1
BRDA:40,4,0,56
BRDA:40,4,1,56
BRDA:50,5,0,56
BRDA:50,5,1,0
BRDA:52,6,0,56
BRDA:52,6,1,0
BRDA:57,7,0,55
BRDA:57,7,1,1
BRDA:59,8,0,54
BRDA:59,8,1,1
BRDA:67,9,0,55
BRDA:67,9,1,1
BRDA:69,10,0,1
BRDA:69,10,1,0
BRDA:70,11,0,0
BRDA:70,11,1,0
BRDA:78,12,0,56
BRDA:78,12,1,1
BRDA:84,13,0,56
BRDA:84,13,1,1
BRDA:113,14,0,0
BRDA:113,14,1,0
BRDA:114,15,0,0
BRDA:114,15,1,0
BRDA:129,16,0,1
BRDA:129,16,1,1
BRDA:129,16,2,1
BRDA:148,17,0,1
BRDA:148,17,1,1
BRDA:159,18,0,1
BRDA:159,18,1,1
BRDA:170,19,0,1
BRDA:170,19,1,1
BRDA:185,20,0,1
BRDA:185,20,1,1
BRDA:216,21,0,1
BRDA:216,21,1,1
BRDA:216,22,0,2
BRDA:216,22,1,2
BRDA:238,23,0,3
BRDA:238,23,1,3
BRDA:249,24,0,0
BRDA:249,24,1,0
BRDA:259,25,0,0
BRDA:259,25,1,0
BRDA:273,26,0,0
BRDA:273,26,1,0
BRDA:317,27,0,0
BRDA:317,27,1,0
BRDA:329,28,0,1
BRDA:329,28,1,3
BRDA:329,29,0,4
BRDA:329,29,1,3
BRDA:369,30,0,0
BRDA:369,30,1,0
BRDA:370,31,0,0
BRDA:370,31,1,0
BRDA:375,32,0,0
BRDA:375,32,1,0
BRDA:389,33,0,0
BRDA:389,33,1,0
BRDA:391,34,0,0
BRDA:391,34,1,0
BRDA:394,35,0,0
BRDA:394,35,1,0
BRDA:399,36,0,0
BRDA:399,36,1,0
BRDA:425,37,0,0
BRDA:425,37,1,0
BRDA:451,38,0,2
BRDA:451,38,1,2
BRDA:463,39,0,0
BRDA:463,39,1,2
BRDA:470,40,0,0
BRDA:470,40,1,0
BRDA:471,41,0,0
BRDA:471,41,1,0
BRDA:475,42,0,0
BRDA:475,42,1,0
BRDA:483,43,0,0
BRDA:483,43,1,0
BRDA:484,44,0,0
BRDA:484,44,1,0
BRDA:485,45,0,0
BRDA:485,45,1,0
BRDA:493,46,0,0
BRDA:493,46,1,0
BRDA:495,47,0,0
BRDA:495,47,1,0
BRDA:504,48,0,0
BRDA:504,48,1,0
BRDA:505,49,0,0
BRDA:505,49,1,0
BRDA:505,50,0,0
BRDA:505,50,1,0
BRDA:511,51,0,0
BRDA:511,51,1,0
BRDA:512,52,0,0
BRDA:512,52,1,0
BRDA:513,53,0,0
BRDA:513,53,1,0
BRDA:528,54,0,0
BRDA:528,54,1,0
BRDA:540,55,0,0
BRDA:540,55,1,0
BRDA:552,56,0,0
BRDA:552,56,1,0
BRDA:567,57,0,0
BRDA:567,57,1,0
BRDA:570,58,0,0
BRDA:570,58,1,0
BRDA:570,58,2,0
BRDA:589,59,0,0
BRDA:589,59,1,0
BRDA:593,60,0,0
BRDA:593,60,1,0
BRDA:595,61,0,0
BRDA:595,61,1,0
BRDA:606,62,0,0
BRDA:606,62,1,0
BRDA:615,63,0,0
BRDA:615,63,1,0
BRDA:616,64,0,0
BRDA:616,64,1,0
BRDA:625,65,0,0
BRDA:625,65,1,0
BRDA:627,66,0,0
BRDA:627,66,1,0
BRDA:638,67,0,0
BRDA:638,67,1,0
BRDA:647,68,0,0
BRDA:647,68,1,0
BRDA:648,69,0,0
BRDA:648,69,1,0
BRDA:657,70,0,1
BRDA:657,70,1,50
BRDA:664,71,0,0
BRDA:664,71,1,0
BRDA:678,72,0,0
BRDA:678,72,1,0
BRDA:680,73,0,0
BRDA:680,73,1,0
BRDA:718,74,0,0
BRDA:718,74,1,0
BRDA:735,75,0,0
BRDA:735,75,1,0
BRDA:747,76,0,0
BRDA:747,76,1,0
BRDA:748,77,0,0
BRDA:748,77,1,0
BRDA:750,78,0,0
BRDA:750,78,1,0
BRDA:757,79,0,0
BRDA:757,79,1,0
BRDA:758,80,0,0
BRDA:758,80,1,0
BRDA:792,81,0,0
BRDA:792,81,1,0
BRDA:800,82,0,0
BRDA:800,82,1,0
BRDA:801,83,0,0
BRDA:801,83,1,0
BRDA:818,84,0,0
BRDA:818,84,1,0
BRDA:819,85,0,0
BRDA:819,85,1,0
BRDA:829,86,0,0
BRDA:829,86,1,0
BRDA:831,87,0,0
BRDA:831,87,1,0
BRDA:843,88,0,0
BRDA:843,88,1,0
BRDA:866,89,0,0
BRDA:866,89,1,0
BRDA:881,90,0,0
BRDA:881,90,1,0
BRDA:915,91,0,0
BRDA:915,91,1,0
BRDA:924,92,0,0
BRDA:924,92,1,0
BRDA:939,93,0,0
BRDA:939,93,1,0
BRDA:941,94,0,0
BRDA:941,94,1,0
BRDA:941,95,0,0
BRDA:941,95,1,0
BRDA:941,95,2,0
BRDA:948,96,0,0
BRDA:948,96,1,0
BRDA:963,97,0,0
BRDA:963,97,1,0
BRDA:964,98,0,0
BRDA:964,98,1,0
BRDA:965,99,0,0
BRDA:965,99,1,0
BRF:203
BRH:49
end_of_record
TN:
SF:D:\projects\arwallet\My-Wallet-V3\src\hd-wallet.js
FN:19,HDWallet
FN:20,addAccount
FN:39,(anonymous_2)
FN:43,(anonymous_3)
FN:47,(anonymous_4)
FN:51,(anonymous_5)
FN:52,(anonymous_6)
FN:63,(anonymous_7)
FN:67,(anonymous_8)
FN:68,(anonymous_9)
FN:73,(anonymous_10)
FN:74,(anonymous_11)
FN:79,(anonymous_12)
FN:80,(anonymous_13)
FN:85,(anonymous_14)
FN:86,(anonymous_15)
FN:91,(anonymous_16)
FN:92,(anonymous_17)
FN:99,(anonymous_18)
FN:101,(anonymous_19)
FN:107,(anonymous_20)
FN:109,(anonymous_21)
FN:115,(anonymous_22)
FN:122,decryptMnemonic
FN:134,decryptPassphrase
FN:143,(anonymous_25)
FN:156,(anonymous_26)
FN:176,(anonymous_27)
FN:184,(anonymous_28)
FN:196,(anonymous_29)
FN:213,(anonymous_30)
FN:224,(anonymous_31)
FN:231,(anonymous_32)
FN:237,(anonymous_33)
FN:239,(anonymous_34)
FN:244,(anonymous_35)
FN:252,(anonymous_36)
FN:253,f
FN:262,(anonymous_38)
FN:263,f
FN:272,(anonymous_40)
FN:280,f
FN:286,(anonymous_42)
FN:290,(anonymous_43)
FN:293,(anonymous_44)
FN:295,(anonymous_45)
FN:298,(anonymous_46)
FN:305,(anonymous_47)
FNF:48
FNH:40
FNDA:158,HDWallet
FNDA:106,addAccount
FNDA:8,(anonymous_2)
FNDA:8,(anonymous_3)
FNDA:2,(anonymous_4)
FNDA:2,(anonymous_5)
FNDA:2,(anonymous_6)
FNDA:1,(anonymous_7)
FNDA:21,(anonymous_8)
FNDA:27,(anonymous_9)
FNDA:4,(anonymous_10)
FNDA:4,(anonymous_11)
FNDA:1,(anonymous_12)
FNDA:1,(anonymous_13)
FNDA:1,(anonymous_14)
FNDA:1,(anonymous_15)
FNDA:2,(anonymous_16)
FNDA:2,(anonymous_17)
FNDA:3,(anonymous_18)
FNDA:1,(anonymous_19)
FNDA:3,(anonymous_20)
FNDA:2,(anonymous_21)
FNDA:1,(anonymous_22)
FNDA:0,decryptMnemonic
FNDA:0,decryptPassphrase
FNDA:0,(anonymous_25)
FNDA:51,(anonymous_26)
FNDA:56,(anonymous_27)
FNDA:2,(anonymous_28)
FNDA:4,(anonymous_29)
FNDA:4,(anonymous_30)
FNDA:7,(anonymous_31)
FNDA:1,(anonymous_32)
FNDA:6,(anonymous_33)
FNDA:6,(anonymous_34)
FNDA:2,(anonymous_35)
FNDA:5,(anonymous_36)
FNDA:4,f
FNDA:2,(anonymous_38)
FNDA:2,f
FNDA:4,(anonymous_40)
FNDA:2,f
FNDA:8,(anonymous_42)
FNDA:0,(anonymous_43)
FNDA:0,(anonymous_44)
FNDA:0,(anonymous_45)
FNDA:0,(anonymous_46)
FNDA:0,(anonymous_47)
DA:3,193
DA:5,193
DA:6,193
DA:7,193
DA:8,193
DA:9,193
DA:10,193
DA:11,193
DA:12,193
DA:13,193
DA:14,193
DA:15,193
DA:16,193
DA:17,193
DA:21,106
DA:22,106
DA:26,158
DA:27,158
DA:29,158
DA:30,158
DA:31,158
DA:32,158
DA:33,158
DA:36,193
DA:39,8
DA:43,8
DA:47,2
DA:51,2
DA:53,2
DA:54,1
DA:55,1
DA:57,1
DA:63,1
DA:68,27
DA:74,4
DA:80,1
DA:86,1
DA:92,2
DA:93,2
DA:94,1
DA:100,3
DA:101,3
DA:108,3
DA:109,3
DA:116,1
DA:123,0
DA:124,0
DA:126,0
DA:127,0
DA:129,0
DA:135,0
DA:136,0
DA:137,0
DA:139,0
DA:143,193
DA:144,0
DA:145,0
DA:146,0
DA:156,193
DA:157,51
DA:158,51
DA:160,51
DA:161,51
DA:168,51
DA:169,51
DA:170,1
DA:173,51
DA:176,193
DA:177,56
DA:178,55
DA:180,1
DA:184,193
DA:187,2
DA:188,0
DA:191,2
DA:192,2
DA:193,2
DA:196,193
DA:197,4
DA:200,4
DA:201,2
DA:204,4
DA:205,4
DA:206,4
DA:207,4
DA:208,4
DA:213,193
DA:214,4
DA:221,4
DA:224,193
DA:225,7
DA:226,6
DA:231,193
DA:232,1
DA:233,1
DA:234,1
DA:237,193
DA:238,6
DA:239,6
DA:240,6
DA:241,6
DA:244,193
DA:245,2
DA:246,2
DA:247,2
DA:252,193
DA:253,4
DA:254,5
DA:255,4
DA:256,4
DA:259,4
DA:262,193
DA:263,2
DA:264,2
DA:265,1
DA:266,1
DA:269,1
DA:272,193
DA:273,4
DA:274,1
DA:276,3
DA:277,3
DA:278,3
DA:279,3
DA:280,2
DA:281,3
DA:282,3
DA:286,193
DA:287,8
DA:290,193
DA:291,0
DA:293,0
DA:294,0
DA:295,0
DA:298,0
DA:299,0
DA:300,0
DA:301,0
DA:304,0
DA:305,0
LF:140
LH:117
BRDA:26,0,0,158
BRDA:26,0,1,1
BRDA:27,1,0,158
BRDA:27,1,1,1
BRDA:53,2,0,1
BRDA:53,2,1,1
BRDA:93,3,0,1
BRDA:93,3,1,1
BRDA:100,4,0,3
BRDA:100,4,1,3
BRDA:101,5,0,3
BRDA:101,5,1,1
BRDA:109,6,0,3
BRDA:109,6,1,2
BRDA:123,7,0,0
BRDA:123,7,1,0
BRDA:126,8,0,0
BRDA:126,8,1,0
BRDA:135,9,0,0
BRDA:135,9,1,0
BRDA:136,10,0,0
BRDA:136,10,1,0
BRDA:160,11,0,2
BRDA:160,11,1,49
BRDA:169,12,0,1
BRDA:169,12,1,50
BRDA:177,13,0,55
BRDA:177,13,1,1
BRDA:177,14,0,56
BRDA:177,14,1,56
BRDA:187,15,0,0
BRDA:187,15,1,2
BRDA:200,16,0,2
BRDA:200,16,1,2
BRDA:225,17,0,1
BRDA:225,17,1,6
BRDA:240,18,0,1
BRDA:240,18,1,5
BRDA:246,19,0,1
BRDA:246,19,1,1
BRDA:246,20,0,2
BRDA:246,20,1,2
BRDA:256,21,0,3
BRDA:256,21,1,1
BRDA:266,22,0,0
BRDA:266,22,1,1
BRDA:273,23,0,1
BRDA:273,23,1,3
BRDA:273,24,0,4
BRDA:273,24,1,3
BRDA:287,25,0,8
BRDA:287,25,1,3
BRF:52
BRH:42
end_of_record
TN:
SF:D:\projects\arwallet\My-Wallet-V3\src\hd-account.js
FN:15,HDAccount
FN:42,(anonymous_1)
FN:43,(anonymous_2)
FN:54,(anonymous_3)
FN:55,(anonymous_4)
FN:64,(anonymous_5)
FN:65,(anonymous_6)
FN:75,(anonymous_7)
FN:76,(anonymous_8)
FN:88,(anonymous_9)
FN:89,(anonymous_10)
FN:93,(anonymous_11)
FN:108,(anonymous_12)
FN:109,(anonymous_13)
FN:116,(anonymous_14)
FN:117,(anonymous_15)
FN:127,(anonymous_16)
FN:131,(anonymous_17)
FN:135,(anonymous_18)
FN:139,(anonymous_19)
FN:143,(anonymous_20)
FN:147,(anonymous_21)
FN:151,(anonymous_22)
FN:155,(anonymous_23)
FN:159,(anonymous_24)
FN:172,(anonymous_25)
FN:183,(anonymous_26)
FN:190,(anonymous_27)
FN:199,(anonymous_28)
FN:205,(anonymous_29)
FN:215,(anonymous_30)
FN:228,(anonymous_31)
FN:233,(anonymous_32)
FN:238,(anonymous_33)
FN:243,(anonymous_34)
FN:251,(anonymous_35)
FN:259,(anonymous_36)
FN:268,(anonymous_37)
FN:269,(anonymous_38)
FN:272,(anonymous_39)
FN:285,(anonymous_40)
FN:287,(anonymous_41)
FN:288,(anonymous_42)
FN:291,(anonymous_43)
FN:294,(anonymous_44)
FN:305,(anonymous_45)
FN:307,(anonymous_46)
FN:311,(anonymous_47)
FN:315,(anonymous_48)
FN:323,(anonymous_49)
FNF:50
FNH:45
FNDA:116,HDAccount
FNDA:6,(anonymous_1)
FNDA:2,(anonymous_2)
FNDA:3,(anonymous_3)
FNDA:2,(anonymous_4)
FNDA:2,(anonymous_5)
FNDA:2,(anonymous_6)
FNDA:7,(anonymous_7)
FNDA:5,(anonymous_8)
FNDA:2,(anonymous_9)
FNDA:2,(anonymous_10)
FNDA:6,(anonymous_11)
FNDA:11,(anonymous_12)
FNDA:4,(anonymous_13)
FNDA:6,(anonymous_14)
FNDA:3,(anonymous_15)
FNDA:3,(anonymous_16)
FNDA:22,(anonymous_17)
FNDA:1,(anonymous_18)
FNDA:1,(anonymous_19)
FNDA:1,(anonymous_20)
FNDA:1,(anonymous_21)
FNDA:1,(anonymous_22)
FNDA:8,(anonymous_23)
FNDA:0,(anonymous_24)
FNDA:4,(anonymous_25)
FNDA:1,(anonymous_26)
FNDA:2,(anonymous_27)
FNDA:2,(anonymous_28)
FNDA:56,(anonymous_29)
FNDA:5,(anonymous_30)
FNDA:12,(anonymous_31)
FNDA:1,(anonymous_32)
FNDA:1,(anonymous_33)
FNDA:4,(anonymous_34)
FNDA:4,(anonymous_35)
FNDA:2,(anonymous_36)
FNDA:5,(anonymous_37)
FNDA:0,(anonymous_38)
FNDA:1,(anonymous_39)
FNDA:2,(anonymous_40)
FNDA:1,(anonymous_41)
FNDA:3,(anonymous_42)
FNDA:2,(anonymous_43)
FNDA:2,(anonymous_44)
FNDA:1,(anonymous_45)
FNDA:1,(anonymous_46)
FNDA:0,(anonymous_47)
FNDA:0,(anonymous_48)
FNDA:0,(anonymous_49)
DA:1,193
DA:3,193
DA:4,193
DA:5,193
DA:6,193
DA:7,193
DA:8,193
DA:9,193
DA:10,193
DA:11,193
DA:16,116
DA:17,116
DA:19,116
DA:20,116
DA:21,116
DA:22,116
DA:23,116
DA:25,116
DA:28,116
DA:30,116
DA:31,116
DA:32,116
DA:33,116
DA:34,116
DA:39,193
DA:42,6
DA:44,2
DA:45,1
DA:46,1
DA:48,1
DA:54,3
DA:56,2
DA:57,1
DA:59,1
DA:64,2
DA:66,2
DA:67,1
DA:69,1
DA:75,7
DA:77,5
DA:78,4
DA:79,4
DA:80,4
DA:82,1
DA:88,2
DA:89,2
DA:94,6
DA:95,6
DA:96,5
DA:97,1
DA:98,1
DA:100,6
DA:108,11
DA:110,4
DA:111,3
DA:116,6
DA:118,3
DA:119,1
DA:121,2
DA:127,3
DA:131,22
DA:135,1
DA:139,1
DA:143,1
DA:147,1
DA:151,1
DA:155,8
DA:159,0
DA:172,193
DA:173,4
DA:174,4
DA:175,4
DA:176,4
DA:177,4
DA:178,4
DA:179,4
DA:180,4
DA:183,193
DA:184,1
DA:185,1
DA:186,1
DA:187,1
DA:190,193
DA:192,2
DA:193,2
DA:194,1
DA:195,1
DA:196,1
DA:199,193
DA:200,2
DA:201,2
DA:202,1
DA:205,193
DA:206,56
DA:207,55
DA:209,1
DA:215,193
DA:216,5
DA:225,5
DA:228,193
DA:229,12
DA:230,11
DA:233,193
DA:234,1
DA:235,1
DA:238,193
DA:239,1
DA:240,1
DA:243,193
DA:244,4
DA:245,3
DA:246,3
DA:247,2
DA:248,2
DA:251,193
DA:252,4
DA:253,3
DA:254,3
DA:255,2
DA:256,2
DA:259,193
DA:260,2
DA:261,1
DA:262,1
DA:263,1
DA:268,193
DA:269,5
DA:272,193
DA:273,1
DA:275,1
DA:277,1
DA:282,1
DA:285,193
DA:286,2
DA:287,1
DA:288,3
DA:291,193
DA:292,2
DA:294,2
DA:296,2
DA:297,1
DA:298,1
DA:301,2
DA:302,2
DA:305,193
DA:306,1
DA:307,1
DA:308,1
DA:311,193
DA:312,0
DA:313,0
DA:314,0
DA:315,0
DA:316,0
DA:317,0
DA:318,0
DA:319,0
DA:323,193
DA:324,0
LF:159
LH:149
BRDA:16,0,0,116
BRDA:16,0,1,5
BRDA:17,1,0,116
BRDA:17,1,1,5
BRDA:20,2,0,116
BRDA:20,2,1,116
BRDA:23,3,0,116
BRDA:23,3,1,116
BRDA:25,4,0,116
BRDA:25,4,1,58
BRDA:34,5,0,55
BRDA:34,5,1,61
BRDA:44,6,0,1
BRDA:44,6,1,1
BRDA:56,7,0,1
BRDA:56,7,1,1
BRDA:66,8,0,1
BRDA:66,8,1,1
BRDA:77,9,0,4
BRDA:77,9,1,1
BRDA:95,10,0,5
BRDA:95,10,1,1
BRDA:97,11,0,1
BRDA:97,11,1,0
BRDA:97,12,0,1
BRDA:97,12,1,1
BRDA:101,13,0,3
BRDA:101,13,1,3
BRDA:102,14,0,0
BRDA:102,14,1,6
BRDA:110,15,0,4
BRDA:110,15,1,4
BRDA:118,16,0,1
BRDA:118,16,1,2
BRDA:147,17,0,1
BRDA:147,17,1,1
BRDA:175,18,0,3
BRDA:175,18,1,1
BRDA:206,19,0,55
BRDA:206,19,1,1
BRDA:206,20,0,56
BRDA:206,20,1,56
BRDA:229,21,0,1
BRDA:229,21,1,11
BRDA:244,22,0,1
BRDA:244,22,1,3
BRDA:245,23,0,2
BRDA:245,23,1,1
BRDA:246,24,0,1
BRDA:246,24,1,2
BRDA:252,25,0,1
BRDA:252,25,1,3
BRDA:253,26,0,2
BRDA:253,26,1,1
BRDA:254,27,0,1
BRDA:254,27,1,2
BRDA:260,28,0,1
BRDA:260,28,1,1
BRDA:296,29,0,1
BRDA:296,29,1,1
BRDA:312,30,0,0
BRDA:312,30,1,0
BRDA:312,31,0,0
BRDA:312,31,1,0
BRF:64
BRH:58
end_of_record
TN:
SF:D:\projects\arwallet\My-Wallet-V3\src\keyring.js
FN:11,KeyRing
FN:21,(anonymous_1)
FN:25,(anonymous_2)
FN:29,(anonymous_3)
FN:42,(anonymous_4)
FN:56,(anonymous_5)
FNF:6
FNH:6
FNDA:121,KeyRing
FNDA:1,(anonymous_1)
FNDA:1,(anonymous_2)
FNDA:125,(anonymous_3)
FNDA:8,(anonymous_4)
FNDA:5,(anonymous_5)
DA:3,194
DA:5,194
DA:6,194
DA:7,194
DA:12,121
DA:13,121
DA:14,121
DA:15,121
DA:18,194
DA:21,1
DA:25,1
DA:29,194
DA:30,125
DA:31,125
DA:32,124
DA:33,120
DA:35,120
DA:38,124
DA:42,194
DA:43,8
DA:44,8
DA:45,8
DA:47,8
DA:48,8
DA:49,5
DA:50,5
DA:51,5
DA:56,194
DA:57,5
DA:61,5
LF:30
LH:30
BRDA:12,0,0,121
BRDA:12,0,1,117
BRDA:30,1,0,125
BRDA:30,1,1,11
BRDA:31,2,0,1
BRDA:31,2,1,124
BRDA:31,3,0,125
BRDA:31,3,1,1
BRDA:32,4,0,120
BRDA:32,4,1,4
BRDA:32,5,0,124
BRDA:32,5,1,5
BRDA:32,5,2,1
BRDA:33,6,0,112
BRDA:33,6,1,8
BRDA:35,7,0,112
BRDA:35,7,1,8
BRDA:45,8,0,8
BRDA:45,8,1,3
BRDA:48,9,0,3
BRDA:48,9,1,5
BRDA:51,10,0,4
BRDA:51,10,1,1
BRF:23
BRH:23
end_of_record
TN:
SF:D:\projects\arwallet\My-Wallet-V3\src\keychain.js
FN:11,KeyChain
FN:17,(anonymous_1)
FN:27,(anonymous_2)
FN:31,(anonymous_3)
FN:39,(anonymous_4)
FN:53,(anonymous_5)
FN:58,(anonymous_6)
FNF:7
FNH:7
FNDA:246,KeyChain
FNDA:10,(anonymous_1)
FNDA:20,(anonymous_2)
FNDA:8,(anonymous_3)
FNDA:247,(anonymous_4)
FNDA:4,(anonymous_5)
FNDA:6,(anonymous_6)
DA:3,195
DA:5,195
DA:6,195
DA:7,195
DA:8,195
DA:12,246
DA:13,246
DA:14,246
DA:17,246
DA:18,10
DA:19,10
DA:20,10
DA:24,195
DA:27,20
DA:34,8
DA:39,195
DA:41,247
DA:44,246
DA:45,225
DA:47,21
DA:50,246
DA:53,195
DA:54,4
DA:55,4
DA:58,195
DA:59,6
DA:60,6
DA:61,6
LF:28
LH:28
BRDA:12,0,0,246
BRDA:12,0,1,6
BRDA:27,1,0,19
BRDA:27,1,1,1
BRDA:34,2,0,8
BRDA:34,2,1,0
BRDA:41,3,0,1
BRDA:41,3,1,246
BRDA:44,4,0,225
BRDA:44,4,1,21
BRDA:47,5,0,20
BRDA:47,5,1,1
BRDA:47,6,0,21
BRDA:47,6,1,21
BRDA:47,6,2,20
BRDA:61,7,0,6
BRDA:61,7,1,0
BRF:17
BRH:15
end_of_record
TN:
SF:D:\projects\arwallet\My-Wallet-V3\src\transaction.js
FN:13,(anonymous_0)
FN:44,addOutput
FN:79,(anonymous_2)
FN:93,(anonymous_3)
FN:94,(anonymous_4)
FN:102,(anonymous_5)
FN:107,(anonymous_6)
FN:108,(anonymous_7)
FN:109,(anonymous_8)
FN:116,(anonymous_9)
FN:140,(anonymous_10)
FN:143,(anonymous_11)
FN:148,(anonymous_12)
FN:153,(anonymous_13)
FN:156,(anonymous_14)
FN:159,(anonymous_15)
FN:162,(anonymous_16)
FN:165,(anonymous_17)
FN:166,(anonymous_18)
FN:169,(anonymous_19)
FN:171,(anonymous_20)
FNF:21
FNH:12
FNDA:13,(anonymous_0)
FNDA:0,addOutput
FNDA:0,(anonymous_2)
FNDA:0,(anonymous_3)
FNDA:0,(anonymous_4)
FNDA:0,(anonymous_5)
FNDA:0,(anonymous_6)
FNDA:0,(anonymous_7)
FNDA:0,(anonymous_8)
FNDA:0,(anonymous_9)
FNDA:136,(anonymous_10)
FNDA:177,(anonymous_11)
FNDA:144,(anonymous_12)
FNDA:136,(anonymous_13)
FNDA:186,(anonymous_14)
FNDA:134,(anonymous_15)
FNDA:18,(anonymous_16)
FNDA:65,(anonymous_17)
FNDA:58,(anonymous_18)
FNDA:37,(anonymous_19)
FNDA:14,(anonymous_20)
DA:3,194
DA:4,194
DA:5,194
DA:6,194
DA:7,194
DA:13,194
DA:14,13
DA:15,13
DA:16,13
DA:17,13
DA:18,13
DA:19,13
DA:21,13
DA:22,13
DA:24,13
DA:25,13
DA:27,13
DA:28,1
DA:29,1
DA:32,13
DA:33,13
DA:34,13
DA:35,13
DA:36,13
DA:37,13
DA:39,13
DA:40,13
DA:41,0
DA:42,0
DA:44,0
DA:45,0
DA:48,0
DA:49,0
DA:50,0
DA:51,0
DA:52,0
DA:53,0
DA:56,0
DA:57,0
DA:58,0
DA:59,0
DA:60,0
DA:63,0
DA:64,0
DA:66,0
DA:70,0
DA:71,0
DA:72,0
DA:73,0
DA:76,0
DA:79,194
DA:80,0
DA:82,0
DA:83,0
DA:86,0
DA:93,194
DA:94,0
DA:95,0
DA:96,0
DA:97,0
DA:98,0
DA:99,0
DA:102,0
DA:103,0
DA:105,0
DA:106,0
DA:107,0
DA:108,0
DA:109,0
DA:110,0
DA:116,194
DA:117,0
DA:119,0
DA:121,0
DA:122,0
DA:125,0
DA:127,0
DA:129,0
DA:130,0
DA:131,0
DA:132,0
DA:133,0
DA:136,0
DA:137,0
DA:140,194
DA:141,136
DA:143,194
DA:144,177
DA:145,27
DA:148,194
DA:149,144
DA:150,144
DA:153,194
DA:154,136
DA:155,135
DA:156,186
DA:159,194
DA:160,134
DA:161,134
DA:162,134
DA:165,194
DA:166,65
DA:169,194
DA:170,37
DA:171,34
DA:172,34
DA:173,34
DA:174,34
DA:175,34
DA:177,34
DA:178,3
DA:179,3
DA:180,3
DA:181,3
DA:182,3
DA:185,31
DA:186,9
DA:187,9
DA:188,9
DA:189,9
DA:190,9
DA:193,24
DA:195,194
LF:123
LH:69
BRDA:21,0,0,10
BRDA:21,0,1,3
BRDA:21,1,0,13
BRDA:21,1,1,10
BRDA:22,2,0,9
BRDA:22,2,1,4
BRDA:22,3,0,13
BRDA:22,3,1,9
BRDA:24,4,0,13
BRDA:24,4,1,13
BRDA:25,5,0,13
BRDA:25,5,1,13
BRDA:27,6,0,1
BRDA:27,6,1,12
BRDA:27,7,0,13
BRDA:27,7,1,2
BRDA:41,8,0,0
BRDA:41,8,1,0
BRDA:63,9,0,0
BRDA:63,9,1,0
BRDA:71,10,0,0
BRDA:71,10,1,0
BRDA:99,11,0,0
BRDA:99,11,1,0
BRDA:103,12,0,0
BRDA:103,12,1,0
BRDA:144,13,0,150
BRDA:144,13,1,27
BRDA:144,14,0,177
BRDA:144,14,1,28
BRDA:154,15,0,1
BRDA:154,15,1,135
BRDA:177,16,0,3
BRDA:177,16,1,31
BRDA:182,17,0,2
BRDA:182,17,1,1
BRDA:190,18,0,8
BRDA:190,18,1,1
BRF:38
BRH:28
end_of_record
TN:
SF:D:\projects\arwallet\My-Wallet-V3\src\shift\btc-payment.js
FN:5,(anonymous_0)
FN:11,(anonymous_1)
FN:20,(anonymous_2)
FN:21,(anonymous_3)
FN:22,(anonymous_4)
FN:26,(anonymous_5)
FN:28,(anonymous_6)
FNF:7
FNH:0
FNDA:0,(anonymous_0)
FNDA:0,(anonymous_1)
FNDA:0,(anonymous_2)
FNDA:0,(anonymous_3)
FNDA:0,(anonymous_4)
FNDA:0,(anonymous_5)
FNDA:0,(anonymous_6)
DA:2,193
DA:6,0
DA:7,0
DA:8,0
DA:12,0
DA:13,0
DA:14,0
DA:15,0
DA:16,0
DA:17,0
DA:21,0
DA:22,0
DA:27,0
DA:28,0
DA:34,193
LF:15
LH:2
BRDA:11,0,0,0
BRF:1
BRH:0
end_of_record
TN:
SF:D:\projects\arwallet\My-Wallet-V3\src\shift\shift-payment.js
FN:3,(anonymous_0)
FN:7,(anonymous_1)
FN:11,(anonymous_2)
FNF:3
FNH:3
FNDA:1,(anonymous_0)
FNDA:1,(anonymous_1)
FNDA:1,(anonymous_2)
DA:4,1
DA:8,1
DA:12,1
DA:16,193
LF:4
LH:4
BRF:0
BRH:0
end_of_record
TN:
SF:D:\projects\arwallet\My-Wallet-V3\src\bch\bch-api.js
FN:10,(anonymous_0)
FN:17,(anonymous_1)
FN:24,(anonymous_2)
FN:24,(anonymous_3)
FN:26,(anonymous_4)
FN:30,(anonymous_5)
FN:39,(anonymous_6)
FN:39,(anonymous_7)
FN:43,(anonymous_8)
FN:50,(anonymous_9)
FN:50,(anonymous_10)
FN:53,(anonymous_11)
FN:54,(anonymous_12)
FN:59,(anonymous_13)
FNF:14
FNH:2
FNDA:0,(anonymous_0)
FNDA:0,(anonymous_1)
FNDA:0,(anonymous_2)
FNDA:0,(anonymous_3)
FNDA:0,(anonymous_4)
FNDA:0,(anonymous_5)
FNDA:0,(anonymous_6)
FNDA:0,(anonymous_7)
FNDA:0,(anonymous_8)
FNDA:0,(anonymous_9)
FNDA:0,(anonymous_10)
FNDA:2,(anonymous_11)
FNDA:2,(anonymous_12)
FNDA:0,(anonymous_13)
DA:2,193
DA:3,193
DA:4,193
DA:5,193
DA:6,193
DA:7,193
DA:8,193
DA:10,193
DA:11,0
DA:12,0
DA:13,0
DA:14,0
DA:17,193
DA:18,0
DA:19,0
DA:24,0
DA:26,0
DA:30,193
DA:31,0
DA:32,0
DA:33,0
DA:34,0
DA:39,0
DA:43,193
DA:44,0
DA:45,0
DA:46,0
DA:50,0
DA:53,193
DA:54,2
DA:55,2
DA:59,193
DA:60,0
DA:62,0
DA:63,0
DA:68,0
DA:73,0
DA:77,193
LF:38
LH:16
BRDA:24,0,0,0
BRDA:24,0,1,0
BRDA:26,1,0,0
BRDA:26,1,1,0
BRDA:32,2,0,0
BRDA:32,2,1,0
BRDA:39,3,0,0
BRDA:39,3,1,0
BRDA:43,4,0,0
BRDA:50,5,0,0
BRDA:50,5,1,0
BRDA:60,6,0,0
BRDA:60,6,1,0
BRDA:60,6,2,0
BRF:14
BRH:0
end_of_record
TN:
SF:D:\projects\arwallet\My-Wallet-V3\src\coin.js
FN:4,(anonymous_0)
FN:14,(anonymous_1)
FN:18,(anonymous_2)
FN:22,(anonymous_3)
FN:26,(anonymous_4)
FN:30,(anonymous_5)
FN:34,(anonymous_6)
FN:38,(anonymous_7)
FN:42,(anonymous_8)
FN:46,(anonymous_9)
FN:50,(anonymous_10)
FN:54,(anonymous_11)
FN:66,(anonymous_12)
FN:79,(anonymous_13)
FN:81,(anonymous_14)
FN:84,(anonymous_15)
FNF:16
FNH:13
FNDA:370,(anonymous_0)
FNDA:0,(anonymous_1)
FNDA:45,(anonymous_2)
FNDA:2,(anonymous_3)
FNDA:2,(anonymous_4)
FNDA:0,(anonymous_5)
FNDA:11,(anonymous_6)
FNDA:2,(anonymous_7)
FNDA:0,(anonymous_8)
FNDA:23,(anonymous_9)
FNDA:12,(anonymous_10)
FNDA:23,(anonymous_11)
FNDA:345,(anonymous_12)
FNDA:79,(anonymous_13)
FNDA:24,(anonymous_14)
FNDA:43,(anonymous_15)
DA:1,193
DA:5,370
DA:6,370
DA:7,370
DA:8,370
DA:9,370
DA:10,370
DA:11,370
DA:15,0
DA:19,45
DA:23,2
DA:27,2
DA:31,0
DA:35,11
DA:39,2
DA:43,0
DA:47,23
DA:51,12
DA:55,23
DA:67,345
DA:71,193
DA:72,193
DA:73,193
DA:74,193
DA:75,193
DA:77,193
DA:79,193
DA:81,193
DA:83,193
DA:84,43
DA:87,193
LF:31
LH:28
BRDA:60,0,0,23
BRDA:60,0,1,18
BRDA:61,1,0,23
BRDA:61,1,1,23
BRDA:61,2,0,2
BRDA:61,2,1,21
BRF:6
BRH:6
end_of_record
TN:
SF:D:\projects\arwallet\My-Wallet-V3\src\coin-selection.js
FN:4,(anonymous_0)
FN:4,(anonymous_1)
FN:7,(anonymous_2)
FN:10,(anonymous_3)
FN:10,(anonymous_4)
FN:10,(anonymous_5)
FN:13,(anonymous_6)
FN:14,(anonymous_7)
FN:18,(anonymous_8)
FN:20,(anonymous_9)
FN:30,(anonymous_10)
FN:38,(anonymous_11)
FN:57,(anonymous_12)
FN:58,(anonymous_13)
FN:71,(anonymous_14)
FN:75,(anonymous_15)
FNF:16
FNH:16
FNDA:23,(anonymous_0)
FNDA:34,(anonymous_1)
FNDA:5,(anonymous_2)
FNDA:19,(anonymous_3)
FNDA:18,(anonymous_4)
FNDA:18,(anonymous_5)
FNDA:10,(anonymous_6)
FNDA:10,(anonymous_7)
FNDA:7,(anonymous_8)
FNDA:19,(anonymous_9)
FNDA:26,(anonymous_10)
FNDA:12,(anonymous_11)
FNDA:6,(anonymous_12)
FNDA:14,(anonymous_13)
FNDA:3,(anonymous_14)
FNDA:1,(anonymous_15)
DA:1,193
DA:2,193
DA:4,193
DA:5,193
DA:7,193
DA:9,193
DA:10,19
DA:12,193
DA:13,10
DA:14,10
DA:18,193
DA:19,7
DA:20,7
DA:21,19
DA:22,19
DA:23,19
DA:24,12
DA:25,12
DA:26,12
DA:27,12
DA:29,7
DA:30,26
DA:31,7
DA:32,7
DA:34,1
DA:36,6
DA:37,6
DA:38,12
DA:39,6
DA:41,1
DA:43,5
DA:44,5
DA:46,5
DA:47,5
DA:50,0
DA:57,193
DA:58,14
DA:59,6
DA:60,6
DA:61,6
DA:62,6
DA:70,193
DA:71,3
DA:74,193
DA:75,1
DA:77,193
LF:46
LH:45
BRDA:12,0,0,6
BRDA:23,1,0,7
BRDA:23,1,1,12
BRDA:23,2,0,19
BRDA:23,2,1,15
BRDA:27,3,0,0
BRDA:27,3,1,12
BRDA:32,4,0,1
BRDA:32,4,1,6
BRDA:39,5,0,1
BRDA:39,5,1,5
BRDA:44,6,0,5
BRDA:44,6,1,0
BRF:13
BRH:11
end_of_record
TN:
SF:D:\projects\arwallet\My-Wallet-V3\src\signer.js
FN:10,(anonymous_0)
FN:24,(anonymous_1)
FN:31,(anonymous_2)
FN:38,(anonymous_3)
FN:45,(anonymous_4)
FN:49,(anonymous_5)
FN:53,(anonymous_6)
FN:54,(anonymous_7)
FN:55,(anonymous_8)
FN:64,(anonymous_9)
FN:71,(anonymous_10)
FN:72,(anonymous_11)
FN:73,(anonymous_12)
FN:82,(anonymous_13)
FN:83,(anonymous_14)
FN:84,(anonymous_15)
FNF:16
FNH:13
FNDA:0,(anonymous_0)
FNDA:0,(anonymous_1)
FNDA:4,(anonymous_2)
FNDA:4,(anonymous_3)
FNDA:2,(anonymous_4)
FNDA:1,(anonymous_5)
FNDA:2,(anonymous_6)
FNDA:1,(anonymous_7)
FNDA:2,(anonymous_8)
FNDA:1,(anonymous_9)
FNDA:2,(anonymous_10)
FNDA:1,(anonymous_11)
FNDA:2,(anonymous_12)
FNDA:2,(anonymous_13)
FNDA:4,(anonymous_14)
FNDA:0,(anonymous_15)
DA:1,193
DA:2,193
DA:3,193
DA:4,193
DA:5,193
DA:6,193
DA:7,193
DA:8,193
DA:10,193
DA:11,0
DA:12,0
DA:13,0
DA:14,0
DA:15,0
DA:16,0
DA:17,0
DA:18,0
DA:19,0
DA:21,0
DA:24,193
DA:25,0
DA:26,0
DA:28,0
DA:31,193
DA:32,4
DA:33,4
DA:38,193
DA:39,4
DA:40,4
DA:41,4
DA:42,4
DA:45,193
DA:46,2
DA:49,193
DA:50,1
DA:51,1
DA:53,2
DA:54,1
DA:55,2
DA:57,1
DA:58,1
DA:59,1
DA:61,1
DA:64,193
DA:65,1
DA:66,1
DA:68,1
DA:69,1
DA:71,2
DA:72,1
DA:73,2
DA:75,1
DA:76,1
DA:77,1
DA:79,1
DA:82,193
DA:83,4
DA:84,2
DA:85,2
DA:86,2
DA:87,2
DA:90,193
LF:62
LH:49
BRDA:16,0,0,0
BRDA:16,0,1,0
BRDA:18,1,0,0
BRDA:18,1,1,0
BRDA:26,2,0,0
BRDA:26,2,1,0
BRDA:33,3,0,4
BRDA:33,3,1,0
BRDA:33,4,0,4
BRDA:33,4,1,4
BRDA:46,5,0,2
BRDA:46,5,1,0
BRDA:85,6,0,2
BRDA:85,6,1,0
BRF:14
BRH:5
end_of_record
TN:
SF:D:\projects\arwallet\My-Wallet-V3\src\blockchain-settings-api.js
FN:9,fetchAccountInfo
FN:11,(anonymous_1)
FN:18,getAccountInfo
FN:19,(anonymous_3)
FN:21,(anonymous_4)
FN:29,updateKV
FN:36,(anonymous_6)
FN:40,(anonymous_7)
FN:52,updateIPlock
FN:56,updateIPlockOn
FN:60,changeLanguage
FN:64,changeLocalCurrency
FN:68,changeBtcCurrency
FN:72,updateTorIpBlock
FN:76,isBadPasswordHint
FN:77,(anonymous_15)
FN:88,updatePasswordHint1
FN:95,updatePasswordHint2
FN:102,sendConfirmationCode
FN:106,changeEmail
FN:107,(anonymous_20)
FN:115,changeMobileNumber
FN:116,(anonymous_22)
FN:128,updateLoggingLevel
FN:132,toggleSave2FA
FN:136,updateAuthType
FN:137,(anonymous_26)
FN:143,unsetTwoFactor
FN:147,setTwoFactorSMS
FN:151,setTwoFactorYubiKey
FN:160,(anonymous_30)
FN:163,(anonymous_31)
FN:169,setTwoFactorEmail
FN:173,setTwoFactorGoogleAuthenticator
FN:174,(anonymous_34)
FN:176,(anonymous_35)
FN:182,confirmTwoFactorGoogleAuthenticator
FN:183,(anonymous_37)
FN:195,resendEmailConfirmation
FN:205,verifyEmail
FN:206,(anonymous_40)
FN:210,(anonymous_41)
FN:222,verifyMobile
FN:223,(anonymous_43)
FN:227,(anonymous_44)
FN:233,getActivityLogs
FN:234,(anonymous_46)
FN:236,(anonymous_47)
FN:243,enableEmailNotifications
FN:244,(anonymous_49)
FN:246,(anonymous_50)
FN:253,enableReceiveNotifications
FN:254,(anonymous_52)
FN:256,(anonymous_53)
FN:263,enableEmailReceiveNotifications
FN:268,(anonymous_55)
FN:273,disableAllNotifications
FN:277,(anonymous_57)
FN:284,updateNotificationsType
FN:291,(anonymous_59)
FN:295,(anonymous_60)
FN:308,updateNotificationsOn
FN:319,removeAlias
FNF:63
FNH:60
FNDA:0,fetchAccountInfo
FNDA:0,(anonymous_1)
FNDA:4,getAccountInfo
FNDA:2,(anonymous_3)
FNDA:2,(anonymous_4)
FNDA:61,updateKV
FNDA:40,(anonymous_6)
FNDA:21,(anonymous_7)
FNDA:3,updateIPlock
FNDA:3,updateIPlockOn
FNDA:3,changeLanguage
FNDA:3,changeLocalCurrency
FNDA:3,changeBtcCurrency
FNDA:3,updateTorIpBlock
FNDA:10,isBadPasswordHint
FNDA:66,(anonymous_15)
FNDA:6,updatePasswordHint1
FNDA:6,updatePasswordHint2
FNDA:0,sendConfirmationCode
FNDA:3,changeEmail
FNDA:2,(anonymous_20)
FNDA:3,changeMobileNumber
FNDA:2,(anonymous_22)
FNDA:3,updateLoggingLevel
FNDA:3,toggleSave2FA
FNDA:19,updateAuthType
FNDA:13,(anonymous_26)
FNDA:6,unsetTwoFactor
FNDA:6,setTwoFactorSMS
FNDA:3,setTwoFactorYubiKey
FNDA:1,(anonymous_30)
FNDA:1,(anonymous_31)
FNDA:6,setTwoFactorEmail
FNDA:3,setTwoFactorGoogleAuthenticator
FNDA:2,(anonymous_34)
FNDA:1,(anonymous_35)
FNDA:3,confirmTwoFactorGoogleAuthenticator
FNDA:2,(anonymous_37)
FNDA:3,resendEmailConfirmation
FNDA:4,verifyEmail
FNDA:2,(anonymous_40)
FNDA:2,(anonymous_41)
FNDA:4,verifyMobile
FNDA:2,(anonymous_43)
FNDA:2,(anonymous_44)
FNDA:4,getActivityLogs
FNDA:2,(anonymous_46)
FNDA:2,(anonymous_47)
FNDA:5,enableEmailNotifications
FNDA:2,(anonymous_49)
FNDA:3,(anonymous_50)
FNDA:4,enableReceiveNotifications
FNDA:2,(anonymous_52)
FNDA:2,(anonymous_53)
FNDA:4,enableEmailReceiveNotifications
FNDA:1,(anonymous_55)
FNDA:3,disableAllNotifications
FNDA:2,(anonymous_57)
FNDA:16,updateNotificationsType
FNDA:32,(anonymous_59)
FNDA:10,(anonymous_60)
FNDA:7,updateNotificationsOn
FNDA:1,removeAlias
DA:3,193
DA:5,193
DA:6,193
DA:7,193
DA:10,0
DA:12,0
DA:13,0
DA:19,4
DA:20,2
DA:22,2
DA:23,2
DA:25,2
DA:30,61
DA:31,27
DA:34,61
DA:36,61
DA:37,40
DA:39,40
DA:41,21
DA:43,21
DA:53,3
DA:57,3
DA:61,3
DA:65,3
DA:69,3
DA:73,3
DA:77,66
DA:78,2
DA:79,8
DA:80,2
DA:81,6
DA:82,2
DA:84,4
DA:89,6
DA:91,5
DA:92,5
DA:96,6
DA:98,5
DA:99,5
DA:103,0
DA:107,3
DA:108,2
DA:109,2
DA:110,2
DA:112,3
DA:116,3
DA:117,2
DA:118,2
DA:119,2
DA:121,3
DA:129,3
DA:133,3
DA:137,19
[...]
FN:149,(anonymous_31)
FNF:32
FNH:0
FNDA:0,(anonymous_0)
FNDA:0,(anonymous_1)
FNDA:0,(anonymous_2)
FNDA:0,(anonymous_3)
FNDA:0,(anonymous_4)
FNDA:0,(anonymous_5)
FNDA:0,(anonymous_6)
FNDA:0,(anonymous_7)
FNDA:0,(anonymous_8)
FNDA:0,(anonymous_9)
FNDA:0,(anonymous_10)
FNDA:0,(anonymous_11)
FNDA:0,(anonymous_12)
FNDA:0,(anonymous_13)
FNDA:0,(anonymous_14)
FNDA:0,(anonymous_15)
FNDA:0,(anonymous_16)
FNDA:0,(anonymous_17)
FNDA:0,(anonymous_18)
FNDA:0,(anonymous_19)
FNDA:0,(anonymous_20)
FNDA:0,(anonymous_21)
FNDA:0,(anonymous_22)
FNDA:0,(anonymous_23)
FNDA:0,(anonymous_24)
FNDA:0,(anonymous_25)
FNDA:0,(anonymous_26)
FNDA:0,(anonymous_27)
FNDA:0,(anonymous_28)
FNDA:0,(anonymous_29)
FNDA:0,(anonymous_30)
FNDA:0,(anonymous_31)
DA:2,193
DA:3,193
DA:4,193
DA:5,193
DA:7,193
DA:11,0
DA:12,0
DA:13,0
DA:14,0
DA:15,0
DA:19,0
DA:23,0
DA:27,0
DA:28,0
DA:32,0
DA:34,0
DA:35,0
DA:36,0
DA:38,0
DA:43,0
DA:45,0
DA:47,0
DA:52,0
DA:53,0
DA:54,0
DA:56,0
DA:57,0
DA:59,0
DA:60,0
DA:64,0
DA:65,0
DA:66,0
DA:67,0
DA:68,0
DA:70,0
DA:71,0
DA:72,0
DA:73,0
DA:74,0
DA:79,0
DA:80,0
DA:81,0
DA:82,0
DA:86,0
DA:87,0
DA:88,0
DA:89,0
DA:95,0
DA:96,0
DA:97,0
DA:98,0
DA:99,0
DA:104,0
DA:105,0
DA:106,0
DA:110,0
DA:111,0
DA:112,0
DA:116,0
DA:117,0
DA:121,0
DA:125,0
DA:129,0
DA:130,0
DA:131,0
DA:132,0
DA:138,0
DA:139,0
DA:143,0
DA:150,0
DA:151,0
DA:155,193
LF:72
LH:6
BRDA:53,0,0,0
BRDA:53,0,1,0
BRDA:56,1,0,0
BRDA:56,1,1,0
BRDA:67,2,0,0
BRDA:67,2,1,0
BRDA:78,3,0,0
BRDA:78,4,0,0
BRDA:85,5,0,0
BRDA:85,6,0,0
BRDA:88,7,0,0
BRDA:88,7,1,0
BRDA:98,8,0,0
BRDA:98,8,1,0
BRDA:130,9,0,0
BRDA:130,9,1,0
BRF:16
BRH:0
end_of_record
TN:
SF:D:\projects\arwallet\My-Wallet-V3\src\shift\api.js
FN:3,(anonymous_0)
FN:8,(anonymous_1)
FN:10,(anonymous_2)
FN:13,(anonymous_3)
FN:19,(anonymous_4)
FN:22,(anonymous_5)
FN:26,(anonymous_6)
FN:36,(anonymous_7)
FN:36,(anonymous_8)
FNF:9
FNH:0
FNDA:0,(anonymous_0)
FNDA:0,(anonymous_1)
FNDA:0,(anonymous_2)
FNDA:0,(anonymous_3)
FNDA:0,(anonymous_4)
FNDA:0,(anonymous_5)
FNDA:0,(anonymous_6)
FNDA:0,(anonymous_7)
FNDA:0,(anonymous_8)
DA:4,0
DA:5,0
DA:9,0
DA:10,0
DA:14,0
DA:15,0
DA:16,0
DA:17,0
DA:19,0
DA:23,0
DA:28,0
DA:30,0
DA:31,0
DA:32,0
DA:35,0
DA:36,0
DA:40,193
LF:17
LH:1
BRDA:10,0,0,0
BRDA:10,0,1,0
BRDA:10,1,0,0
BRDA:10,1,1,0
BRDA:15,2,0,0
BRDA:15,2,1,0
BRDA:16,3,0,0
BRDA:16,3,1,0
BRDA:19,4,0,0
BRDA:19,4,1,0
BRDA:19,5,0,0
BRDA:19,5,1,0
BRDA:30,6,0,0
BRDA:30,6,1,0
BRDA:31,7,0,0
BRDA:31,7,1,0
BRDA:36,8,0,0
BRDA:36,8,1,0
BRF:18
BRH:0
end_of_record
TN:
SF:D:\projects\arwallet\My-Wallet-V3\src\shift\trade.js
FN:6,(anonymous_0)
FN:21,(anonymous_1)
FN:25,(anonymous_2)
FN:29,(anonymous_3)
FN:33,(anonymous_4)
FN:37,(anonymous_5)
FN:41,(anonymous_6)
FN:45,(anonymous_7)
FN:49,(anonymous_8)
FN:53,(anonymous_9)
FN:57,(anonymous_10)
FN:61,(anonymous_11)
FN:65,(anonymous_12)
FN:69,(anonymous_13)
FN:73,(anonymous_14)
FN:77,(anonymous_15)
FN:81,(anonymous_16)
FN:85,(anonymous_17)
FN:89,(anonymous_18)
FN:93,(anonymous_19)
FN:97,(anonymous_20)
FN:101,(anonymous_21)
FN:105,(anonymous_22)
FN:118,(anonymous_23)
FN:124,(anonymous_24)
FN:136,(anonymous_25)
FN:140,(anonymous_26)
FN:144,(anonymous_27)
FN:148,(anonymous_28)
FN:152,(anonymous_29)
FN:156,(anonymous_30)
FN:161,(anonymous_31)
FNF:32
FNH:32
FNDA:29,(anonymous_0)
FNDA:3,(anonymous_1)
FNDA:1,(anonymous_2)
FNDA:1,(anonymous_3)
FNDA:1,(anonymous_4)
FNDA:1,(anonymous_5)
FNDA:1,(anonymous_6)
FNDA:1,(anonymous_7)
FNDA:1,(anonymous_8)
FNDA:1,(anonymous_9)
FNDA:1,(anonymous_10)
FNDA:1,(anonymous_11)
FNDA:3,(anonymous_12)
FNDA:5,(anonymous_13)
FNDA:4,(anonymous_14)
FNDA:6,(anonymous_15)
FNDA:5,(anonymous_16)
FNDA:3,(anonymous_17)
FNDA:2,(anonymous_18)
FNDA:2,(anonymous_19)
FNDA:2,(anonymous_20)
FNDA:2,(anonymous_21)
FNDA:2,(anonymous_22)
FNDA:1,(anonymous_23)
FNDA:1,(anonymous_24)
FNDA:35,(anonymous_25)
FNDA:7,(anonymous_26)
FNDA:8,(anonymous_27)
FNDA:7,(anonymous_28)
FNDA:5,(anonymous_29)
FNDA:1,(anonymous_30)
FNDA:27,(anonymous_31)
DA:2,193
DA:3,193
DA:7,29
DA:8,29
DA:9,29
DA:10,29
DA:11,29
DA:14,29
DA:15,1
DA:16,28
DA:17,28
DA:22,3
DA:26,1
DA:30,1
DA:34,1
DA:38,1
DA:42,1
DA:46,1
DA:50,1
DA:54,1
DA:58,1
DA:62,1
DA:66,3
DA:70,5
DA:74,4
DA:78,6
DA:82,5
DA:86,3
DA:90,2
DA:94,2
DA:98,2
DA:102,2
DA:106,2
DA:107,2
DA:108,2
DA:109,1
DA:111,2
DA:112,1
DA:114,2
DA:115,2
DA:119,1
DA:120,1
DA:121,1
DA:125,1
DA:137,35
DA:141,7
DA:145,8
DA:149,7
DA:153,5
DA:157,1
DA:158,1
DA:162,27
DA:166,193
LF:53
LH:53
BRDA:14,0,0,1
BRDA:14,0,1,28
BRDA:16,1,0,28
BRDA:16,1,1,0
BRDA:66,2,0,3
BRDA:66,2,1,2
BRDA:108,3,0,1
BRDA:108,3,1,1
BRDA:111,4,0,1
BRDA:111,4,1,1
BRDA:111,5,0,2
BRDA:111,5,1,1
BRDA:129,6,0,1
BRDA:129,6,1,1
BRDA:131,7,0,1
BRDA:131,7,1,1
BRDA:132,8,0,0
BRDA:132,8,1,1
BRF:18
BRH:16
end_of_record
TN:
SF:D:\projects\arwallet\My-Wallet-V3\src\shift\quote.js
FN:3,(anonymous_0)
FN:15,(anonymous_1)
FN:19,(anonymous_2)
FN:23,(anonymous_3)
FN:27,(anonymous_4)
FN:31,(anonymous_5)
FN:35,(anonymous_6)
FN:39,(anonymous_7)
FN:43,(anonymous_8)
FN:47,(anonymous_9)
FN:51,(anonymous_10)
FN:55,(anonymous_11)
FN:59,(anonymous_12)
FN:67,(anonymous_13)
FN:76,(anonymous_14)
FN:85,(anonymous_15)
FNF:16
FNH:16
FNDA:45,(anonymous_0)
FNDA:1,(anonymous_1)
FNDA:9,(anonymous_2)
FNDA:2,(anonymous_3)
FNDA:1,(anonymous_4)
FNDA:2,(anonymous_5)
FNDA:5,(anonymous_6)
FNDA:5,(anonymous_7)
FNDA:5,(anonymous_8)
FNDA:1,(anonymous_9)
FNDA:2,(anonymous_10)
FNDA:2,(anonymous_11)
FNDA:4,(anonymous_12)
FNDA:2,(anonymous_13)
FNDA:3,(anonymous_14)
FNDA:43,(anonymous_15)
DA:4,45
DA:5,45
DA:6,45
DA:7,45
DA:8,45
DA:9,45
DA:10,45
DA:11,45
DA:12,45
DA:16,1
DA:20,9
DA:24,2
DA:28,1
DA:32,2
DA:36,5
DA:40,5
DA:44,5
DA:48,1
DA:52,2
DA:56,2
DA:60,4
DA:61,4
DA:62,4
DA:63,4
DA:64,4
DA:68,2
DA:77,3
DA:86,43
DA:90,193
LF:29
LH:29
BRDA:60,0,0,4
BRDA:60,0,1,1
BRDA:61,1,0,4
BRDA:61,1,1,1
BRDA:62,2,0,4
BRDA:62,2,1,1
BRDA:63,3,0,4
BRDA:63,3,1,1
BRF:8
BRH:8
end_of_record
TN:
SF:D:\projects\arwallet\My-Wallet-V3\src\bch\index.js
FN:16,(anonymous_0)
FN:25,(anonymous_1)
FN:29,(anonymous_2)
FN:33,(anonymous_3)
FN:37,(anonymous_4)
FN:41,(anonymous_5)
FN:45,(anonymous_6)
FN:54,(anonymous_7)
FN:58,(anonymous_8)
FN:59,(anonymous_9)
FN:62,(anonymous_10)
FN:66,(anonymous_11)
FN:71,(anonymous_12)
FN:75,(anonymous_13)
FN:81,(anonymous_14)
FN:87,(anonymous_15)
FN:89,(anonymous_16)
FN:90,(anonymous_17)
FN:94,(anonymous_18)
FN:97,(anonymous_19)
FN:98,(anonymous_20)
FN:100,(anonymous_21)
FN:106,(anonymous_22)
FN:110,(anonymous_23)
FN:113,(anonymous_24)
FN:115,(anonymous_25)
FN:117,(anonymous_26)
FN:123,(anonymous_27)
FN:124,(anonymous_28)
FN:131,(anonymous_29)
FN:140,(anonymous_30)
FN:144,(anonymous_31)
FN:152,(anonymous_32)
FNF:33
FNH:18
FNDA:33,(anonymous_0)
FNDA:2,(anonymous_1)
FNDA:6,(anonymous_2)
FNDA:3,(anonymous_3)
FNDA:1,(anonymous_4)
FNDA:0,(anonymous_5)
FNDA:0,(anonymous_6)
FNDA:0,(anonymous_7)
FNDA:2,(anonymous_8)
FNDA:4,(anonymous_9)
FNDA:0,(anonymous_10)
FNDA:0,(anonymous_11)
FNDA:0,(anonymous_12)
FNDA:4,(anonymous_13)
FNDA:3,(anonymous_14)
FNDA:2,(anonymous_15)
FNDA:4,(anonymous_16)
FNDA:2,(anonymous_17)
FNDA:2,(anonymous_18)
FNDA:0,(anonymous_19)
FNDA:0,(anonymous_20)
FNDA:0,(anonymous_21)
FNDA:1,(anonymous_22)
FNDA:0,(anonymous_23)
FNDA:0,(anonymous_24)
FNDA:0,(anonymous_25)
FNDA:0,(anonymous_26)
FNDA:22,(anonymous_27)
FNDA:22,(anonymous_28)
FNDA:44,(anonymous_29)
FNDA:0,(anonymous_30)
FNDA:0,(anonymous_31)
FNDA:33,(anonymous_32)
DA:2,193
DA:3,193
DA:4,193
DA:5,193
DA:6,193
DA:7,193
DA:8,193
DA:9,193
DA:10,193
DA:12,193
DA:13,193
DA:17,33
DA:18,33
DA:19,33
DA:20,33
DA:21,33
DA:22,33
DA:26,2
DA:30,6
DA:34,3
DA:38,1
DA:42,0
DA:46,0
DA:47,0
DA:48,0
DA:50,0
DA:55,0
DA:59,4
DA:63,0
DA:67,0
DA:68,0
DA:72,0
DA:76,4
DA:77,4
DA:78,4
DA:82,3
DA:83,3
DA:84,3
DA:88,2
DA:89,4
DA:90,2
DA:91,2
DA:93,2
DA:94,2
DA:96,2
DA:97,0
DA:98,0
DA:100,2
DA:101,0
DA:107,1
DA:111,0
DA:112,0
DA:113,0
DA:114,0
DA:115,0
DA:117,0
DA:118,0
DA:120,0
DA:124,22
DA:125,22
DA:126,22
DA:128,22
DA:129,22
DA:131,22
DA:132,44
DA:133,44
DA:136,22
DA:141,0
DA:145,0
DA:153,33
DA:154,33
DA:158,193
LF:72
LH:49
BRDA:46,0,0,0
BRDA:46,0,1,0
BRDA:72,1,0,0
BRDA:72,1,1,0
BRDA:77,2,0,4
BRDA:77,2,1,2
BRDA:78,3,0,2
BRDA:78,3,1,2
BRDA:83,4,0,3
BRDA:83,4,1,2
BRDA:88,5,0,0
BRDA:88,5,1,2
BRDA:97,6,0,0
BRDA:97,6,1,0
BRDA:111,7,0,0
BRDA:111,7,1,0
BRDA:114,8,0,0
BRDA:114,8,1,0
BRDA:118,9,0,0
BRDA:118,9,1,0
BRDA:125,10,0,22
BRDA:125,10,1,0
BRDA:126,11,0,22
BRDA:126,11,1,0
BRDA:129,12,0,21
BRDA:129,12,1,1
BRDA:132,13,0,44
BRDA:132,13,1,44
BRDA:136,14,0,22
BRDA:136,14,1,22
BRF:30
BRH:15
end_of_record
TN:
SF:D:\projects\arwallet\My-Wallet-V3\src\bch\bch-payment.js
FN:10,(anonymous_0)
FN:15,(anonymous_1)
FN:17,(anonymous_2)
FN:22,(anonymous_3)
FN:27,(anonymous_4)
FN:32,(anonymous_5)
FN:33,(anonymous_6)
FN:42,(anonymous_7)
FN:47,(anonymous_8)
FN:55,(anonymous_9)
FN:55,(anonymous_10)
FN:62,(anonymous_11)
FN:69,(anonymous_12)
FN:76,(anonymous_13)
FN:83,(anonymous_14)
FN:91,(anonymous_15)
FN:92,(anonymous_16)
FN:108,(anonymous_17)
FN:109,(anonymous_18)
FN:121,(anonymous_19)
FN:122,(anonymous_20)
FN:132,(anonymous_21)
FN:134,(anonymous_22)
FN:139,(anonymous_23)
FN:143,(anonymous_24)
FN:147,(anonymous_25)
FNF:26
FNH:21
FNDA:6,(anonymous_0)
FNDA:1,(anonymous_1)
FNDA:1,(anonymous_2)
FNDA:14,(anonymous_3)
FNDA:32,(anonymous_4)
FNDA:2,(anonymous_5)
FNDA:1,(anonymous_6)
FNDA:8,(anonymous_7)
FNDA:6,(anonymous_8)
FNDA:4,(anonymous_9)
FNDA:4,(anonymous_10)
FNDA:5,(anonymous_11)
FNDA:4,(anonymous_12)
FNDA:5,(anonymous_13)
FNDA:12,(anonymous_14)
FNDA:3,(anonymous_15)
FNDA:3,(anonymous_16)
FNDA:1,(anonymous_17)
FNDA:1,(anonymous_18)
FNDA:0,(anonymous_19)
FNDA:0,(anonymous_20)
FNDA:0,(anonymous_21)
FNDA:0,(anonymous_22)
FNDA:0,(anonymous_23)
FNDA:14,(anonymous_24)
FNDA:14,(anonymous_25)
DA:2,193
DA:3,193
DA:4,193
DA:5,193
DA:6,193
DA:7,193
DA:9,193
DA:10,6
DA:16,1
DA:17,1
DA:23,14
DA:24,14
DA:28,32
DA:29,32
DA:33,2
DA:34,1
DA:35,1
DA:39,2
DA:43,8
DA:44,8
DA:48,6
DA:49,1
DA:51,5
DA:52,1
DA:54,4
DA:55,4
DA:56,4
DA:57,4
DA:63,5
DA:64,1
DA:66,4
DA:70,4
DA:71,1
DA:73,3
DA:77,5
DA:78,1
DA:80,4
DA:84,12
DA:92,3
DA:93,3
DA:94,0
DA:96,3
DA:97,0
DA:99,3
DA:100,1
DA:102,2
DA:103,2
DA:104,2
DA:109,1
DA:110,1
DA:111,0
DA:113,1
DA:114,0
DA:116,1
DA:117,1
DA:122,0
DA:123,0
DA:124,0
DA:126,0
DA:127,0
DA:128,0
DA:134,0
DA:135,0
DA:136,0
DA:138,0
DA:139,0
DA:144,14
DA:148,14
DA:160,193
LF:69
LH:54
BRDA:10,0,0,6
BRDA:10,0,1,2
BRDA:10,0,2,1
BRDA:35,1,0,1
BRDA:35,1,1,0
BRDA:48,2,0,1
BRDA:48,2,1,5
BRDA:51,3,0,1
BRDA:51,3,1,4
BRDA:63,4,0,1
BRDA:63,4,1,4
BRDA:70,5,0,1
BRDA:70,5,1,3
BRDA:77,6,0,1
BRDA:77,6,1,4
BRDA:93,7,0,0
BRDA:93,7,1,3
BRDA:96,8,0,0
BRDA:96,8,1,3
BRDA:99,9,0,1
BRDA:99,9,1,2
BRDA:110,10,0,0
BRDA:110,10,1,1
BRDA:113,11,0,0
BRDA:113,11,1,1
BRDA:123,12,0,0
BRDA:123,12,1,0
BRDA:135,13,0,0
BRDA:135,13,1,0
BRF:29
BRH:20
end_of_record
TN:
SF:D:\projects\arwallet\My-Wallet-V3\src\bch\bch-account.js
FN:7,(anonymous_0)
FN:9,(anonymous_1)
FN:15,(anonymous_2)
FN:19,(anonymous_3)
FN:23,(anonymous_4)
FN:27,(anonymous_5)
FN:38,(anonymous_6)
FN:42,(anonymous_7)
FN:50,(anonymous_8)
FN:54,(anonymous_9)
FN:59,(anonymous_10)
FN:64,(anonymous_11)
FN:68,(anonymous_12)
FN:72,(anonymous_13)
FN:76,(anonymous_14)
FN:80,(anonymous_15)
FN:87,(anonymous_16)
FNF:17
FNH:12
FNDA:53,(anonymous_0)
FNDA:0,(anonymous_1)
FNDA:56,(anonymous_2)
FNDA:10,(anonymous_3)
FNDA:4,(anonymous_4)
FNDA:0,(anonymous_5)
FNDA:1,(anonymous_6)
FNDA:0,(anonymous_7)
FNDA:1,(anonymous_8)
FNDA:1,(anonymous_9)
FNDA:2,(anonymous_10)
FNDA:1,(anonymous_11)
FNDA:1,(anonymous_12)
FNDA:1,(anonymous_13)
FNDA:0,(anonymous_14)
FNDA:0,(anonymous_15)
FNDA:53,(anonymous_16)
DA:2,193
DA:3,193
DA:4,193
DA:8,53
DA:9,53
DA:10,53
DA:11,53
DA:12,53
DA:16,56
DA:20,10
DA:24,4
DA:28,0
DA:29,0
DA:31,0
DA:32,0
DA:34,0
DA:35,0
DA:39,1
DA:43,0
DA:44,0
DA:46,0
DA:47,0
DA:51,1
DA:55,1
DA:56,1
DA:60,2
DA:61,2
DA:65,1
DA:69,1
DA:73,1
DA:77,0
DA:81,0
DA:88,53
DA:89,53
DA:93,193
LF:35
LH:23
BRDA:11,0,0,53
BRDA:11,0,1,53
BRDA:12,1,0,53
BRDA:12,1,1,0
BRDA:28,2,0,0
BRDA:28,2,1,0
BRDA:31,3,0,0
BRDA:31,3,1,0
BRDA:43,4,0,0
BRDA:43,4,1,0
BRDA:89,5,0,22
BRDA:89,5,1,31
BRF:12
BRH:5
end_of_record
TN:
SF:D:\projects\arwallet\My-Wallet-V3\src\bch\bch-spendable.js
FN:6,(anonymous_0)
FN:11,(anonymous_1)
FN:15,(anonymous_2)
FN:16,(anonymous_3)
FN:22,(anonymous_4)
FNF:5
FNH:5
FNDA:86,(anonymous_0)
FNDA:2,(anonymous_1)
FNDA:2,(anonymous_2)
FNDA:2,(anonymous_3)
FNDA:1,(anonymous_4)
DA:2,193
DA:3,193
DA:7,86
DA:8,86
DA:12,2
DA:16,2
DA:17,2
DA:18,2
DA:23,1
DA:27,193
LF:10
LH:10
BRF:0
BRH:0
end_of_record
TN:
SF:D:\projects\arwallet\My-Wallet-V3\src\shift\bch-payment.js
FN:5,(anonymous_0)
FN:11,(anonymous_1)
FN:20,(anonymous_2)
FN:21,(anonymous_3)
FN:22,(anonymous_4)
FN:26,(anonymous_5)
FNF:6
FNH:0
FNDA:0,(anonymous_0)
FNDA:0,(anonymous_1)
FNDA:0,(anonymous_2)
FNDA:0,(anonymous_3)
FNDA:0,(anonymous_4)
FNDA:0,(anonymous_5)
DA:2,193
DA:6,0
DA:7,0
DA:8,0
DA:12,0
DA:13,0
DA:14,0
DA:15,0
DA:16,0
DA:17,0
DA:21,0
DA:22,0
DA:27,0
DA:28,0
DA:32,193
LF:15
LH:2
BRF:0
BRH:0
end_of_record
TN:
SF:D:\projects\arwallet\My-Wallet-V3\src\bch\bch-imported.js
FN:6,(anonymous_0)
FN:9,(anonymous_1)
FN:13,(anonymous_2)
FN:17,(anonymous_3)
FN:18,(anonymous_4)
FN:19,(anonymous_5)
FN:22,(anonymous_6)
FN:26,(anonymous_7)
FN:30,(anonymous_8)
FN:34,(anonymous_9)
FNF:10
FNH:9
FNDA:1,(anonymous_0)
FNDA:30,(anonymous_1)
FNDA:1,(anonymous_2)
FNDA:2,(anonymous_3)
FNDA:2,(anonymous_4)
FNDA:2,(anonymous_5)
FNDA:1,(anonymous_6)
FNDA:1,(anonymous_7)
FNDA:1,(anonymous_8)
FNDA:0,(anonymous_9)
DA:2,193
DA:3,193
DA:4,193
DA:6,193
DA:10,30
DA:14,1
DA:18,2
DA:19,2
DA:23,1
DA:27,1
DA:31,1
DA:35,0
DA:39,193
LF:13
LH:12
BRDA:19,0,0,1
BRDA:19,0,1,1
BRF:2
BRH:2
end_of_record
TN:
SF:D:\projects\arwallet\My-Wallet-V3\src\blockchain-socket.js
FN:10,(anonymous_0)
FN:14,(anonymous_1)
FN:18,(anonymous_2)
FN:22,(anonymous_3)
FN:27,(anonymous_4)
FN:31,(anonymous_5)
FN:34,(anonymous_6)
FN:38,(anonymous_7)
FN:41,(anonymous_8)
FN:45,(anonymous_9)
FNF:10
FNH:10
FNDA:197,(anonymous_0)
FNDA:2,(anonymous_1)
FNDA:2,(anonymous_2)
FNDA:3,(anonymous_3)
FNDA:2,(anonymous_4)
FNDA:6,(anonymous_5)
FNDA:8,(anonymous_6)
FNDA:7,(anonymous_7)
FNDA:7,(anonymous_8)
FNDA:1,(anonymous_9)
DA:1,193
DA:2,193
DA:4,193
DA:5,193
DA:6,193
DA:7,193
DA:11,197
DA:15,2
DA:19,2
DA:23,3
DA:24,2
DA:28,2
DA:32,6
DA:33,5
DA:34,8
DA:35,5
DA:39,7
DA:40,6
DA:41,7
DA:42,6
DA:46,1
DA:55,193
LF:22
LH:22
BRDA:11,0,0,197
BRDA:11,0,1,197
BRDA:23,1,0,1
BRDA:23,1,1,2
BRDA:32,2,0,1
BRDA:32,2,1,5
BRDA:39,3,0,1
BRDA:39,3,1,6
BRF:8
BRH:8
end_of_record
TN:
SF:D:\projects\arwallet\My-Wallet-V3\src\wallet-network.js
FN:10,handleError
FN:11,(anonymous_1)
FN:19,handleResponse
FN:28,generateUUIDs
FN:34,(anonymous_4)
FN:51,resendTwoFactorSms
FN:73,recoverGuid
FN:89,checkWalletChecksum
FN:93,(anonymous_8)
FN:97,(anonymous_9)
FN:119,requestTwoFactorReset
FN:140,insertWallet
FN:145,(anonymous_12)
FN:184,(anonymous_13)
FN:193,obtainSessionToken
FN:194,(anonymous_15)
FN:204,establishSession
FN:214,callGetWalletEndpoint
FN:228,fetchWallet
FN:229,(anonymous_19)
FN:230,(anonymous_20)
FN:250,(anonymous_21)
FN:257,(anonymous_22)
FN:268,fetchWalletWithTwoFactor
FN:269,(anonymous_24)
FN:285,(anonymous_25)
FN:293,(anonymous_26)
FN:313,fetchWalletWithSharedKey
FN:314,(anonymous_28)
FN:332,(anonymous_29)
FN:345,pollForSessionGUID
FN:346,(anonymous_31)
FN:351,(anonymous_32)
FN:359,(anonymous_33)
FN:367,(anonymous_34)
FN:375,getCaptchaImage
FN:377,(anonymous_36)
FN:378,(anonymous_37)
FN:379,(anonymous_38)
FN:386,(anonymous_39)
FNF:40
FNH:32
FNDA:5,handleError
FNDA:1,(anonymous_1)
FNDA:5,handleResponse
FNDA:2,generateUUIDs
FNDA:2,(anonymous_4)
FNDA:3,resendTwoFactorSms
FNDA:2,recoverGuid
FNDA:6,checkWalletChecksum
FNDA:3,(anonymous_8)
FNDA:2,(anonymous_9)
FNDA:3,requestTwoFactorReset
FNDA:9,insertWallet
FNDA:6,(anonymous_12)
FNDA:3,(anonymous_13)
FNDA:2,obtainSessionToken
FNDA:1,(anonymous_15)
FNDA:0,establishSession
FNDA:5,callGetWalletEndpoint
FNDA:2,fetchWallet
FNDA:2,(anonymous_19)
FNDA:2,(anonymous_20)
FNDA:0,(anonymous_21)
FNDA:0,(anonymous_22)
FNDA:3,fetchWalletWithTwoFactor
FNDA:3,(anonymous_24)
FNDA:0,(anonymous_25)
FNDA:0,(anonymous_26)
FNDA:3,fetchWalletWithSharedKey
FNDA:3,(anonymous_28)
FNDA:3,(anonymous_29)
FNDA:2,pollForSessionGUID
FNDA:2,(anonymous_31)
FNDA:2,(anonymous_32)
FNDA:0,(anonymous_33)
FNDA:0,(anonymous_34)
FNDA:3,getCaptchaImage
FNDA:3,(anonymous_36)
FNDA:3,(anonymous_37)
FNDA:3,(anonymous_38)
FNDA:0,(anonymous_39)
DA:3,193
DA:4,193
DA:5,193
DA:6,193
DA:7,193
DA:8,193
DA:11,5
DA:12,1
DA:15,1
DA:20,5
DA:21,5
DA:22,4
DA:24,1
DA:29,2
DA:34,2
DA:35,2
DA:36,1
DA:38,1
DA:41,2
DA:52,3
DA:53,3
DA:55,3
DA:61,3
DA:63,3
DA:74,2
DA:81,2
DA:85,2
DA:90,6
DA:91,5
DA:93,5
DA:94,3
DA:95,2
DA:96,1
DA:98,2
DA:120,3
DA:131,3
DA:135,3
DA:141,9
DA:142,8
DA:143,7
DA:145,6
DA:147,6
DA:150,6
DA:152,6
DA:153,1
DA:156,5
DA:159,4
DA:160,4
DA:162,1
DA:166,3
DA:168,3
DA:170,3
DA:180,3
DA:181,3
DA:184,6
DA:185,3
DA:187,3
DA:190,6
DA:194,2
DA:195,1
DA:196,0
DA:198,1
DA:201,2
DA:205,0
DA:206,0
DA:208,0
DA:215,5
DA:216,5
DA:217,5
DA:219,5
DA:220,3
DA:222,2
DA:223,2
DA:225,5
DA:229,2
DA:230,2
DA:231,2
DA:232,2
DA:233,2
DA:234,2
DA:239,0
DA:240,0
DA:241,0
DA:243,0
DA:244,0
DA:246,0
DA:250,2
DA:251,0
DA:252,0
DA:253,0
DA:254,0
DA:256,0
DA:257,0
DA:258,0
DA:263,2
DA:265,2
DA:269,3
DA:270,3
DA:271,0
DA:272,0
DA:275,3
DA:277,3
DA:281,2
DA:282,2
DA:285,3
DA:286,0
DA:287,0
DA:288,0
DA:290,0
DA:291,0
DA:293,3
DA:294,0
DA:295,0
DA:298,3
DA:306,3
DA:308,3
DA:310,3
DA:314,3
DA:315,3
DA:316,3
DA:321,0
DA:322,0
DA:323,0
DA:325,0
DA:326,0
DA:328,0
DA:332,3
DA:333,3
DA:334,3
DA:335,3
DA:336,0
DA:339,3
DA:342,3
DA:346,2
DA:347,2
DA:348,2
DA:349,2
DA:350,2
DA:351,2
DA:352,2
DA:353,2
DA:354,2
DA:355,2
DA:357,0
DA:358,0
DA:359,0
DA:360,0
DA:363,0
DA:367,2
DA:368,0
DA:370,2
DA:372,2
DA:376,3
DA:377,3
DA:378,3
DA:379,3
DA:380,3
DA:386,3
DA:387,0
DA:388,0
DA:391,3
DA:395,3
DA:397,3
DA:400,3
DA:403,193
LF:165
LH:124
BRDA:12,0,0,0
BRDA:12,0,1,1
BRDA:12,1,0,1
BRDA:12,1,1,0
BRDA:14,2,0,1
BRDA:14,2,1,1
BRDA:21,3,0,4
BRDA:21,3,1,1
BRDA:35,4,0,1
BRDA:35,4,1,1
BRDA:35,5,0,2
BRDA:35,5,1,1
BRDA:94,6,0,2
BRDA:94,6,1,1
BRDA:94,7,0,3
BRDA:94,7,1,3
BRDA:95,8,0,1
BRDA:95,8,1,1
BRDA:96,9,0,1
BRDA:96,9,1,0
BRDA:98,10,0,1
BRDA:98,10,1,1
BRDA:150,11,0,6
BRDA:150,11,1,0
BRDA:152,12,0,1
BRDA:152,12,1,5
BRDA:156,13,0,5
BRDA:156,13,1,4
BRDA:162,14,0,1
BRDA:162,14,1,0
BRDA:168,15,0,3
BRDA:168,15,1,0
BRDA:195,16,0,0
BRDA:195,16,1,1
BRDA:195,17,0,1
BRDA:195,17,1,1
BRDA:205,18,0,0
BRDA:205,18,1,0
BRDA:219,19,0,3
BRDA:219,19,1,2
BRDA:231,20,0,2
BRDA:231,20,1,0
BRDA:243,21,0,0
BRDA:243,21,1,0
BRDA:243,22,0,0
BRDA:243,22,1,0
BRDA:243,22,2,0
BRDA:251,23,0,0
BRDA:251,23,1,0
BRDA:252,24,0,0
BRDA:252,24,1,0
BRDA:252,25,0,0
BRDA:252,25,1,0
BRDA:252,25,2,0
BRDA:256,26,0,0
BRDA:256,26,1,0
BRDA:270,27,0,0
BRDA:270,27,1,3
BRDA:270,28,0,3
BRDA:270,28,1,3
BRDA:277,29,0,0
BRDA:277,29,1,0
BRDA:277,29,2,2
BRDA:286,30,0,0
BRDA:286,30,1,0
BRDA:286,31,0,0
BRDA:286,31,1,0
BRDA:290,32,0,0
BRDA:290,32,1,0
BRDA:315,33,0,3
BRDA:315,33,1,0
BRDA:325,34,0,0
BRDA:325,34,1,0
BRDA:325,35,0,0
BRDA:325,35,1,0
BRDA:325,35,2,0
BRDA:334,36,0,3
BRDA:334,36,1,0
BRDA:335,37,0,0
BRDA:335,37,1,3
BRDA:335,38,0,3
BRDA:335,38,1,3
BRDA:347,39,0,0
BRDA:347,39,1,2
BRDA:352,40,0,2
BRDA:352,40,1,0
BRDA:357,41,0,0
BRDA:357,41,1,0
BRF:88
BRH:43
end_of_record
TN:
SF:D:\projects\arwallet\My-Wallet-V3\src\wallet-token-endpoints.js
FN:8,postTokenEndpoint
FN:12,(anonymous_1)
FN:33,verifyEmail
FN:37,unsubscribe
FN:41,authorizeApprove
FN:44,(anonymous_5)
FN:64,resetTwoFactor
FNF:7
FNH:7
FNDA:16,postTokenEndpoint
FNDA:13,(anonymous_1)
FNDA:2,verifyEmail
FNDA:1,unsubscribe
FNDA:5,authorizeApprove
FNDA:1,(anonymous_5)
FNDA:1,resetTwoFactor
DA:3,1
DA:5,1
DA:6,1
DA:9,16
DA:10,15
DA:12,14
DA:13,13
DA:14,13
DA:16,0
DA:20,14
DA:25,14
DA:26,5
DA:29,14
DA:34,2
DA:38,1
DA:42,5
DA:44,5
DA:45,1
DA:46,1
DA:47,1
DA:48,0
DA:49,0
DA:51,0
DA:55,5
DA:56,5
DA:57,5
DA:60,5
DA:65,1
DA:68,1
LF:29
LH:25
BRDA:13,0,0,13
BRDA:13,0,1,0
BRDA:13,1,0,13
BRDA:13,1,1,13
BRDA:14,2,0,11
BRDA:14,2,1,2
BRDA:42,3,0,5
BRDA:42,3,1,3
BRDA:45,4,0,1
BRDA:45,4,1,0
BRDA:48,5,0,0
BRDA:48,5,1,0
BRDA:48,6,0,0
BRDA:48,6,1,0
BRDA:56,7,0,5
BRDA:56,7,1,0
BRF:16
BRH:9
end_of_record
